#
# A fatal error has been detected by the Java Runtime Environment:
#
#  Internal Error (jvmciRuntime.cpp:1609), pid=22, tid=36
#  fatal error: Fatal exception in JVMCI: Error calling jdk.vm.ci.services.Services.serializeSavedProperties
#
# JRE version: OpenJDK Runtime Environment GraalVM CE 22.3.0 (17.0.5+8) (build 17.0.5+8-jvmci-22.3-b08)
# Java VM: OpenJDK 64-Bit Server VM GraalVM CE 22.3.0 (17.0.5+8-jvmci-22.3-b08, mixed mode, sharing, tiered, jvmci, jvmci compiler, compressed oops, compressed class ptrs, parallel gc, linux-amd64)
# Problematic frame:
# V  [libjvm.so+0x972714]  JVMCIRuntime::fatal_exception(JVMCIEnv*, char const*)+0x74
#
# Core dump will be written. Default location: Core dumps may be processed with "/usr/share/apport/apport -p%p -s%s -c%c -d%d -P%P -u%u -g%g -- %E" (or dumping to /home/runner/OrderBook/core.22)
#
# If you would like to submit a bug report, please visit:
#   https://github.com/oracle/graal/issues
#

---------------  S U M M A R Y ------------

Command Line: -XX:ThreadPriorityPolicy=1 -XX:+UnlockExperimentalVMOptions -XX:+EnableJVMCIProduct -XX:JVMCIThreadsPerNativeLibraryRuntime=1 -XX:-UnlockExperimentalVMOptions -Declipse.application=org.eclipse.jdt.ls.core.id1 -Dosgi.bundles.defaultStartLevel=4 -Declipse.product=org.eclipse.jdt.ls.core.product -Dlog.level=ALL -Xverify:none -XX:+UseParallelGC -XX:GCTimeRatio=4 -XX:AdaptiveSizePolicyWeight=90 -Dsun.zip.disableMemoryMapping=true -Xmx512m -Xms100m /nix/store/m6gcpi1ii6rghy04cjwjddcavv7i90df-jdt-language-server-1.9.0/share/java/plugins/org.eclipse.equinox.launcher_1.6.400.v20210924-0641.jar --add-modules=ALL-SYSTEM --add-opens java.base/java.util=ALL-UNNAMED --add-opens java.base/java.lang=ALL-UNNAMED -configuration /home/runner/.cache/jdt-language-server/config -data /home/runner/.cache/jdt-language-server/data/home/runner/OrderBook

Host: AMD EPYC 7B12, 8 cores, 1G, Ubuntu 20.04.2 LTS
Time: Wed Mar 15 18:38:20 2023 UTC elapsed time: 1280.333272 seconds (0d 0h 21m 20s)

---------------  T H R E A D  ---------------

Current thread (0x00007fbe640b21d0):  JavaThread "JVMCI-native CompilerThread0" daemon [_thread_in_vm, id=36, stack(0x00007fbe48918000,0x00007fbe48b18000)]


Current CompileTask:
JVMCI-native:1280333 9257       4       java.lang.Thread::interrupted (23 bytes)

Stack: [0x00007fbe48918000,0x00007fbe48b18000],  sp=0x00007fbe48b16380,  free space=2040k
Native frames: (J=compiled Java code, j=interpreted, Vv=VM code, C=native code)
V  [libjvm.so+0x972714]  JVMCIRuntime::fatal_exception(JVMCIEnv*, char const*)+0x74
V  [libjvm.so+0x93e2fe]  JVMCIEnv::copy_saved_properties()+0x14e
V  [libjvm.so+0x9732a9]  JVMCIRuntime::initialize(JVMCIEnv*)+0xb19
V  [libjvm.so+0x9738a2]  JVMCIRuntime::get_HotSpotJVMCIRuntime(JVMCIEnv*)+0x12
V  [libjvm.so+0x9749f2]  JVMCIRuntime::compile_method(JVMCIEnv*, JVMCICompiler*, methodHandle const&, int)+0xd2
V  [libjvm.so+0x5b0d20]  CompileBroker::invoke_compiler_on_method(CompileTask*)+0x1470
V  [libjvm.so+0x5b12e8]  CompileBroker::compiler_thread_loop()+0x528
V  [libjvm.so+0xd82460]  JavaThread::thread_main_inner()+0xd0
V  [libjvm.so+0xd85a40]  Thread::call_run()+0xc0
V  [libjvm.so+0xbdb1e1]  thread_native_entry(Thread*)+0xe1

Register to memory mapping:

RAX=0x00007fbe685ef000 points into unknown readable memory: 0x0000000000000058 | 58 00 00 00 00 00 00 00
RBX=0x00007fbe696ea398: <offset 0x0000000000ef5398> in /nix/store/gpxl5qgg8kicmcvivwmybwjlpf7wh20l-graalvm17-ce-22.3.0/lib/server/libjvm.so at 0x00007fbe687f5000
RCX=0x00007fbe696a21e8: <offset 0x0000000000ead1e8> in /nix/store/gpxl5qgg8kicmcvivwmybwjlpf7wh20l-graalvm17-ce-22.3.0/lib/server/libjvm.so at 0x00007fbe687f5000
RDX=0x0000000000000649 is an unknown value
RSP=0x00007fbe48b16380 is pointing into the stack for thread: 0x00007fbe640b21d0
RBP=0x00007fbe48b163a0 is pointing into the stack for thread: 0x00007fbe640b21d0
RSI=0x00007fbe696eac48: <offset 0x0000000000ef5c48> in /nix/store/gpxl5qgg8kicmcvivwmybwjlpf7wh20l-graalvm17-ce-22.3.0/lib/server/libjvm.so at 0x00007fbe687f5000
RDI=0x00000000e0000000 is an oop: java.lang.String 
{0x00000000e0000000} - klass: 'java/lang/String'
 - string: "resolution"
R8 =0x00007fbe696ea398: <offset 0x0000000000ef5398> in /nix/store/gpxl5qgg8kicmcvivwmybwjlpf7wh20l-graalvm17-ce-22.3.0/lib/server/libjvm.so at 0x00007fbe687f5000
R9 =0x00007fbe48b16330 is pointing into the stack for thread: 0x00007fbe640b21d0
R10=0x00007fbe48b17948 is pointing into the stack for thread: 0x00007fbe640b21d0
R11=0x0000000000000293 is an unknown value
R12=0x0 is NULL
R13=0x00007fbe640b21d0 is a thread
R14=0x00007fbe64000b80 points into unknown readable memory: 0x00007fbe6991ba38 | 38 ba 91 69 be 7f 00 00
R15=0x00007fbe69a29e40: <offset 0x0000000001234e40> in /nix/store/gpxl5qgg8kicmcvivwmybwjlpf7wh20l-graalvm17-ce-22.3.0/lib/server/libjvm.so at 0x00007fbe687f5000


Registers:
RAX=0x00007fbe685ef000, RBX=0x00007fbe696ea398, RCX=0x00007fbe696a21e8, RDX=0x0000000000000649
RSP=0x00007fbe48b16380, RBP=0x00007fbe48b163a0, RSI=0x00007fbe696eac48, RDI=0x00000000e0000000
R8 =0x00007fbe696ea398, R9 =0x00007fbe48b16330, R10=0x00007fbe48b17948, R11=0x0000000000000293
R12=0x0000000000000000, R13=0x00007fbe640b21d0, R14=0x00007fbe64000b80, R15=0x00007fbe69a29e40
RIP=0x00007fbe69167714, EFLAGS=0x0000000000010206, CSGSFS=0x002b000000000033, ERR=0x0000000000000006
  TRAPNO=0x000000000000000e

Top of Stack: (sp=0x00007fbe48b16380)
0x00007fbe48b16380:   00007fbe48b16940 00007fbe640b21d0
0x00007fbe48b16390:   00007fbe4a4178c8 0000000800c417a0
0x00007fbe48b163a0:   00007fbe48b16500 00007fbe691332fe
0x00007fbe48b163b0:   00007fbe48b163e0 00007fbe48b16440 

Instructions: (pc=0x00007fbe69167714)
0x00007fbe69167614:   30 e8 f6 cf e8 ff 4c 89 e7 e8 2e 48 d1 ff 84 db
0x00007fbe69167624:   75 2a 4d 85 ed 74 04 4d 8b 6d 00 48 83 c4 08 44
0x00007fbe69167634:   89 f9 4c 89 f2 4c 89 ee 5b 4c 89 e7 41 5c 41 5d
0x00007fbe69167644:   41 5e 41 5f 5d e9 e2 47 d1 ff 66 90 48 83 c4 08
0x00007fbe69167654:   5b 41 5c 41 5d 41 5e 41 5f 5d c3 90 31 d2 be 08
0x00007fbe69167664:   00 00 00 4c 89 ff e8 b1 78 a3 ff 49 89 c5 e9 37
0x00007fbe69167674:   ff ff ff 66 0f 1f 84 00 00 00 00 00 48 8b 7a 08
0x00007fbe69167684:   e9 6d ff ff ff 0f 1f 80 00 00 00 00 e8 5b 48 0a
0x00007fbe69167694:   00 84 c0 75 89 e9 6a ff ff ff 66 90 55 48 89 e5
0x00007fbe691676a4:   41 56 41 55 41 54 49 89 fc 53 48 89 f3 66 48 8d
0x00007fbe691676b4:   3d 27 5e 85 00 66 66 48 e8 df 43 8d ff 4c 8b 28
0x00007fbe691676c4:   8b 05 be 72 8a 00 85 c0 75 14 ba 01 00 00 00 48
0x00007fbe691676d4:   8d 0d ae 72 8a 00 f0 0f b1 11 85 c0 74 4e be c8
0x00007fbe691676e4:   00 00 00 4c 89 ef e8 01 0b 41 00 48 8d 05 12 ac
0x00007fbe691676f4:   85 00 49 89 d8 48 8d 0d e8 aa 53 00 ba 49 06 00
0x00007fbe69167704:   00 48 8d 35 3c 35 58 00 bf 00 00 00 e0 48 8b 00
0x00007fbe69167714:   c6 00 58 31 c0 e8 e2 91 c6 ff 5b 41 5c 41 5d 41
0x00007fbe69167724:   5e 5d e9 55 34 26 00 0f 1f 44 00 00 48 8d 05 81
0x00007fbe69167734:   a3 8b 00 48 89 df 4c 8b 30 e8 9e 43 8d ff 48 89
0x00007fbe69167744:   de 48 89 c2 49 8b 06 4c 89 f7 ff 50 08 4c 89 f7
0x00007fbe69167754:   e8 a7 5c 27 00 4d 85 e4 74 12 be 01 00 00 00 4c
0x00007fbe69167764:   89 e7 e8 35 43 fc ff eb 82 0f 1f 00 be 01 00 00
0x00007fbe69167774:   00 4c 89 ef e8 d3 fd ff ff e9 6d ff ff ff 66 66
0x00007fbe69167784:   2e 0f 1f 84 00 00 00 00 00 0f 1f 00 55 48 89 e5
0x00007fbe69167794:   41 57 41 56 41 55 41 54 53 48 81 ec 08 02 00 00
0x00007fbe691677a4:   64 48 8b 04 25 28 00 00 00 48 89 45 c8 8b 07 83
0x00007fbe691677b4:   f8 02 0f 84 11 04 00 00 4c 8b 6f 18 49 89 ff 49
0x00007fbe691677c4:   89 f4 4d 85 ed 74 14 4c 89 ef e8 5d 57 22 00 41
0x00007fbe691677d4:   8b 07 83 f8 02 0f 84 19 04 00 00 48 8d 1d 9a 06
0x00007fbe691677e4:   8a 00 4c 8d 35 0b 3c 58 00 eb 38 90 48 85 d2 7f
0x00007fbe691677f4:   0d 48 8d 05 b4 c0 85 00 48 83 38 00 7e 0e 41 8b
0x00007fbe69167804:   77 2c 4c 89 f7 31 c0 e8 a0 b2 f7 ff 49 8b 7f 18 


Stack slot to memory mapping:
stack at sp + 0 slots: 0x00007fbe48b16940 is pointing into the stack for thread: 0x00007fbe640b21d0
stack at sp + 1 slots: 0x00007fbe640b21d0 is a thread
stack at sp + 2 slots: 0x00007fbe4a4178c8 points into unknown readable memory: 0x6573001880c9ffff | ff ff c9 80 18 00 73 65
stack at sp + 3 slots: 0x0000000800c417a0 is a pointer to class: 
jdk.vm.ci.services.Services {0x0000000800c417a0}
 - instance size:     2
 - klass size:        65
 - access:            public final synchronized 
 - state:             fully_initialized
 - name:              'jdk/vm/ci/services/Services'
 - super:             'java/lang/Object'
 - sub:               
 - arrays:            NULL
 - methods:           Array<T>(0x00007fbe49443ee0)
 - method ordering:   Array<T>(0x0000000800928960)
 - default_methods:   Array<T>(0x0000000000000000)
 - local interfaces:  Array<T>(0x00000008005ce810)
 - trans. interfaces: Array<T>(0x00000008005ce810)
 - constants:         constant pool [427] {0x00007fbe49442fc0} for 'jdk/vm/ci/services/Services' cache=0x00007fbe494451b0
 - class loader data:  loader data: 0x00007fbe640283f0 of 'bootstrap'
 - source file:       'Services.java'
 - class annotations:       Array<T>(0x0000000000000000)
 - class type annotations:  Array<T>(0x0000000000000000)
 - field annotations:       Array<T>(0x0000000000000000)
 - field type annotations:  Array<T>(0x0000000000000000)
 - inner classes:     Array<T>(0x00007fbe49445180)
 - nest members:     Array<T>(0x00007fbe494451a0)
 - permitted subclasses:     Array<T>(0x00000008005ce7a0)
 - java mirror:       a 'java/lang/Class'{0x00000000e0148e40} = 'jdk/vm/ci/services/Services'
 - vtable length      5  (start addr: 0x0000000800c41970)
 - itable length      2 (start addr: 0x0000000800c41998)
 - ---- static fields (3 words):
 - public static final 'IS_BUILDING_NATIVE_IMAGE' 'Z' @128 
 - public static final 'IS_IN_NATIVE_IMAGE' 'Z' @129 
 - private static volatile 'savedProperties' 'Ljava/util/Map;' @112 
 - static final 'JVMCI_ENABLED' 'Z' @130 
 - private static final 'servicesCache' 'Ljava/util/Map;' @116 
 - private static final 'MAX_UNICODE_IN_UTF8_LENGTH' 'I' @120 
 - private static final 'MAX_UTF8_PROPERTY_STRING_LENGTH' 'I' @124 
 - ---- non-static fields (0 words):
 - non-static oop maps: 
stack at sp + 4 slots: 0x00007fbe48b16500 is pointing into the stack for thread: 0x00007fbe640b21d0
stack at sp + 5 slots: 0x00007fbe691332fe: <offset 0x000000000093e2fe> in /nix/store/gpxl5qgg8kicmcvivwmybwjlpf7wh20l-graalvm17-ce-22.3.0/lib/server/libjvm.so at 0x00007fbe687f5000
stack at sp + 6 slots: 0x00007fbe48b163e0 is pointing into the stack for thread: 0x00007fbe640b21d0
stack at sp + 7 slots: 0x00007fbe48b16440 is pointing into the stack for thread: 0x00007fbe640b21d0


---------------  P R O C E S S  ---------------

Threads class SMR info:
_java_thread_list=0x00007fbdc4000b70, length=24, elements={
0x00007fbe64026690, 0x00007fbe640a64d0, 0x00007fbe640a7910, 0x00007fbe640ae040,
0x00007fbe640af3f0, 0x00007fbe640b07e0, 0x00007fbe640b21d0, 0x00007fbe640b36e0,
0x00007fbe640b4b30, 0x00007fbe640e7960, 0x00007fbe6412fb60, 0x00007fbe6431b480,
0x00007fbe6434e490, 0x00007fbe64350ce0, 0x00007fbe64335ee0, 0x00007fbdf801a790,
0x00007fbdf82b1e10, 0x00007fbde00010d0, 0x00007fbdf84c0170, 0x00007fbdf862e500,
0x00007fbe643fa190, 0x00007fbe643b83d0, 0x00007fbdc8000ff0, 0x00007fbdc84b4ca0
}

Java Threads: ( => current thread )
  0x00007fbe64026690 JavaThread "main" [_thread_blocked, id=28, stack(0x00007fbe68610000,0x00007fbe68710000)]
  0x00007fbe640a64d0 JavaThread "Reference Handler" daemon [_thread_blocked, id=31, stack(0x00007fbe491fe000,0x00007fbe492fe000)]
  0x00007fbe640a7910 JavaThread "Finalizer" daemon [_thread_blocked, id=32, stack(0x00007fbe490fe000,0x00007fbe491fe000)]
  0x00007fbe640ae040 JavaThread "Signal Dispatcher" daemon [_thread_blocked, id=33, stack(0x00007fbe48d18000,0x00007fbe48e18000)]
  0x00007fbe640af3f0 JavaThread "Service Thread" daemon [_thread_blocked, id=34, stack(0x00007fbe48c18000,0x00007fbe48d18000)]
  0x00007fbe640b07e0 JavaThread "Monitor Deflation Thread" daemon [_thread_blocked, id=35, stack(0x00007fbe48b18000,0x00007fbe48c18000)]
=>0x00007fbe640b21d0 JavaThread "JVMCI-native CompilerThread0" daemon [_thread_in_vm, id=36, stack(0x00007fbe48918000,0x00007fbe48b18000)]
  0x00007fbe640b36e0 JavaThread "C1 CompilerThread0" daemon [_thread_blocked, id=37, stack(0x00007fbe48718000,0x00007fbe48918000)]
  0x00007fbe640b4b30 JavaThread "Sweeper thread" daemon [_thread_blocked, id=38, stack(0x00007fbe48618000,0x00007fbe48718000)]
  0x00007fbe640e7960 JavaThread "Common-Cleaner" daemon [_thread_blocked, id=39, stack(0x00007fbe48518000,0x00007fbe48618000)]
  0x00007fbe6412fb60 JavaThread "Notification Thread" daemon [_thread_blocked, id=42, stack(0x00007fbe48418000,0x00007fbe48518000)]
  0x00007fbe6431b480 JavaThread "Active Thread: Equinox Container: a8383bc5-210e-4f42-9e2f-2d8d4c5a40ee" [_thread_blocked, id=46, stack(0x00007fbe48100000,0x00007fbe48200000)]
  0x00007fbe6434e490 JavaThread "Framework Event Dispatcher: Equinox Container: a8383bc5-210e-4f42-9e2f-2d8d4c5a40ee" daemon [_thread_blocked, id=47, stack(0x00007fbe10900000,0x00007fbe10a00000)]
  0x00007fbe64350ce0 JavaThread "Start Level: Equinox Container: a8383bc5-210e-4f42-9e2f-2d8d4c5a40ee" daemon [_thread_blocked, id=48, stack(0x00007fbe10700000,0x00007fbe10800000)]
  0x00007fbe64335ee0 JavaThread "Refresh Thread: Equinox Container: a8383bc5-210e-4f42-9e2f-2d8d4c5a40ee" daemon [_thread_blocked, id=49, stack(0x00007fbe10500000,0x00007fbe10600000)]
  0x00007fbdf801a790 JavaThread "SCR Component Actor" daemon [_thread_blocked, id=50, stack(0x00007fbe10300000,0x00007fbe10400000)]
  0x00007fbdf82b1e10 JavaThread "Worker-JM" [_thread_blocked, id=52, stack(0x00007fbe0ff00000,0x00007fbe10000000)]
  0x00007fbde00010d0 JavaThread "Worker-1" [_thread_blocked, id=54, stack(0x00007fbe0fb00000,0x00007fbe0fc00000)]
  0x00007fbdf84c0170 JavaThread "Java indexing" daemon [_thread_blocked, id=56, stack(0x00007fbe0f700000,0x00007fbe0f800000)]
  0x00007fbdf862e500 JavaThread "Bundle File Closer" daemon [_thread_blocked, id=57, stack(0x00007fbe0f500000,0x00007fbe0f600000)]
  0x00007fbe643fa190 JavaThread "pool-3-thread-1" [_thread_blocked, id=58, stack(0x00007fbe0f400000,0x00007fbe0f500000)]
  0x00007fbe643b83d0 JavaThread "pool-2-thread-1" [_thread_in_native, id=59, stack(0x00007fbe10100000,0x00007fbe10200000)]
  0x00007fbdc8000ff0 JavaThread "Worker-4" [_thread_blocked, id=61, stack(0x00007fbe0f100000,0x00007fbe0f200000)]
  0x00007fbdc84b4ca0 JavaThread "Okio Watchdog" daemon [_thread_blocked, id=68, stack(0x00007fbe0eb00000,0x00007fbe0ec00000)]

Other Threads:
  0x00007fbe640a1c10 VMThread "VM Thread" [stack: 0x00007fbe49300000,0x00007fbe49400000] [id=30] _threads_hazard_ptr=0x00007fbdc4000b70
  0x00007fbe64131500 WatcherThread [stack: 0x00007fbe48318000,0x00007fbe48418000] [id=43]
  0x00007fbe6403df30 GCTaskThread "GC Thread#0" [stack: 0x00007fbe681d3000,0x00007fbe682d3000] [id=29]

Threads with active compile tasks:
JVMCI-native CompilerThread0  1280357 9257       4       java.lang.Thread::interrupted (23 bytes)

VM state: synchronizing (normal execution)

VM Mutex/Monitor currently owned by a thread:  ([mutex/lock_event])
[0x00007fbe64023840] Threads_lock - owner thread: 0x00007fbe640a1c10
[0x00007fbe64023ff0] Heap_lock - owner thread: 0x00007fbdf84c0170

OutOfMemory and StackOverflow Exception counts:
OutOfMemoryError java_heap_errors=3
LinkageErrors=70

Heap address: 0x00000000e0000000, size: 512 MB, Compressed Oops mode: 32-bit

CDS archive(s) mapped at: [0x0000000800000000-0x0000000800bc8000-0x0000000800bc8000), size 12353536, SharedBaseAddress: 0x0000000800000000, ArchiveRelocationMode: 0.
Compressed class space mapped at: 0x0000000800c00000-0x0000000840c00000, reserved size: 1073741824
Narrow klass base: 0x0000000800000000, Narrow klass shift: 0, Narrow klass range: 0x100000000

GC Precious Log:
 CPUs: 8 total, 1 available
 Memory: 1024M
 Large Page Support: Disabled
 NUMA Support: Disabled
 Compressed Oops: Enabled (32-bit)
 Alignments: Space 512K, Generation 512K, Heap 2M
 Heap Min Capacity: 100M
 Heap Initial Capacity: 100M
 Heap Max Capacity: 512M
 Pre-touch: Disabled
 Parallel Workers: 1

Heap:
 PSYoungGen      total 27136K, used 20480K [0x00000000f5580000, 0x00000000f7a00000, 0x0000000100000000)
  eden space 20480K, 100% used [0x00000000f5580000,0x00000000f6980000,0x00000000f6980000)
  from space 6656K, 0% used [0x00000000f7380000,0x00000000f7380000,0x00000000f7a00000)
  to   space 8192K, 0% used [0x00000000f6980000,0x00000000f6980000,0x00000000f7180000)
 ParOldGen       total 349696K, used 349695K [0x00000000e0000000, 0x00000000f5580000, 0x00000000f5580000)
  object space 349696K, 99% used [0x00000000e0000000,0x00000000f557fff0,0x00000000f5580000)
 Metaspace       used 60503K, committed 61632K, reserved 1105920K
  class space    used 5966K, committed 6336K, reserved 1048576K

Card table byte_map: [0x00007fbe682d3000,0x00007fbe683d4000] _byte_map_base: 0x00007fbe67bd3000

Marking Bits: (ParMarkBitMap*) 0x00007fbe69a234c0
 Begin Bits: [0x00007fbe4a4b3000, 0x00007fbe4acb3000)
 End Bits:   [0x00007fbe4acb3000, 0x00007fbe4b4b3000)

Polling page: 0x00007fbe685ed000

Metaspace:

Usage:
  Non-class:     53.26 MB used.
      Class:      5.83 MB used.
       Both:     59.09 MB used.

Virtual space:
  Non-class space:       56.00 MB reserved,      54.00 MB ( 96%) committed,  7 nodes.
      Class space:        1.00 GB reserved,       6.19 MB ( <1%) committed,  1 nodes.
             Both:        1.05 GB reserved,      60.19 MB (  6%) committed. 

Chunk freelists:
   Non-Class:  1.51 MB
       Class:  1.87 MB
        Both:  3.38 MB

MaxMetaspaceSize: unlimited
CompressedClassSpaceSize: 1.00 GB
Initial GC threshold: 21.00 MB
Current GC threshold: 100.25 MB
CDS: on
MetaspaceReclaimPolicy: balanced
 - commit_granule_bytes: 65536.
 - commit_granule_words: 8192.
 - virtual_space_node_default_size: 1048576.
 - enlarge_chunks_in_place: 1.
 - new_chunks_are_fully_committed: 0.
 - uncommit_free_chunks: 1.
 - use_allocation_guard: 0.
 - handle_deallocations: 1.


Internal statistics:

num_allocs_failed_limit: 6.
num_arena_births: 516.
num_arena_deaths: 152.
num_vsnodes_births: 8.
num_vsnodes_deaths: 0.
num_space_committed: 962.
num_space_uncommitted: 0.
num_chunks_returned_to_freelist: 216.
num_chunks_taken_from_freelist: 2925.
num_chunk_merges: 87.
num_chunk_splits: 1895.
num_chunks_enlarged: 1186.
num_purges: 8.
num_inconsistent_stats: 0.

CodeHeap 'non-profiled nmethods': size=120036Kb used=2552Kb max_used=2552Kb free=117483Kb
 bounds [0x00007fbe52f7a000, 0x00007fbe531fa000, 0x00007fbe5a4b3000]
CodeHeap 'profiled nmethods': size=120032Kb used=15100Kb max_used=17132Kb free=104931Kb
 bounds [0x00007fbe4ba42000, 0x00007fbe4cb02000, 0x00007fbe52f7a000]
CodeHeap 'non-nmethods': size=5692Kb used=1390Kb max_used=1407Kb free=4301Kb
 bounds [0x00007fbe4b4b3000, 0x00007fbe4b723000, 0x00007fbe4ba42000]
 total_blobs=7942 nmethods=7219 adapters=631
 compilation: enabled
              stopped_count=0, restarted_count=0
 full_count=0

JVMCI Events (20 events):
Event: 378.938 Thread 0x00007fbe640b21d0 destroyed JavaVM[2]@0x00007fbe0e39e340 for JVMCI runtime 0
Event: 378.938 Thread 0x00007fbe640b21d0 compacted oop handles in JVMCI runtime 0 from 45 to 45
Event: 378.938 Thread 0x00007fbe640b21d0 releasing handles for JVMCI runtime 0: oop handles=45, metadata handles={total=90, live=79, blocks=39}
Event: 378.938 Thread 0x00007fbe640b21d0 detached from JVMCI runtime 0
Event: 392.123 Thread 0x00007fbe640b21d0 attached to JVMCI runtime 0
Event: 392.128 Thread 0x00007fbe640b21d0 created JavaVM[3]@0x00007fbe0e39e340 for JVMCI runtime 0
Event: 392.128 Thread 0x00007fbe640b21d0 initializing JVMCI runtime 0
Event: 392.128 Thread 0x00007fbe640b21d0 done waiting for JavaVM references initialization in JVMCI runtime 0
Event: 413.355 Thread 0x00007fbe640b21d0 initialized JVMCI runtime 0
Event: 447.471 Thread 0x00007fbe640b21d0 detaching from JVMCI runtime 0: releasing idle compiler thread (0 other threads still attached)
Event: 447.471 Thread 0x00007fbe640b21d0 shutting down HotSpotJVMCIRuntime for JVMCI runtime 0
Event: 447.471 Thread 0x00007fbe640b21d0 shut down JVMCI runtime 0
Event: 447.474 Thread 0x00007fbe640b21d0 destroyed JavaVM[3]@0x00007fbe0e39e340 for JVMCI runtime 0
Event: 447.474 Thread 0x00007fbe640b21d0 compacted oop handles in JVMCI runtime 0 from 56 to 56
Event: 447.474 Thread 0x00007fbe640b21d0 releasing handles for JVMCI runtime 0: oop handles=56, metadata handles={total=98, live=96, blocks=39}
Event: 447.474 Thread 0x00007fbe640b21d0 detached from JVMCI runtime 0
Event: 1250.968 Thread 0x00007fbe640b21d0 attached to JVMCI runtime 0
Event: 1250.970 Thread 0x00007fbe640b21d0 created JavaVM[4]@0x00007fbe0e39e340 for JVMCI runtime 0
Event: 1250.970 Thread 0x00007fbe640b21d0 initializing JVMCI runtime 0
Event: 1250.970 Thread 0x00007fbe640b21d0 done waiting for JavaVM references initialization in JVMCI runtime 0

Compilation events (20 events):
Event: 654.673 Thread 0x00007fbe640b36e0 nmethod 9245 0x00007fbe531f7890 code [0x00007fbe531f7a20, 0x00007fbe531f7af0]
Event: 779.043 Thread 0x00007fbe640b36e0 9247       3       java.util.concurrent.ScheduledThreadPoolExecutor::canRunInCurrentRunState (61 bytes)
Event: 779.045 Thread 0x00007fbe640b36e0 nmethod 9247 0x00007fbe4c32e410 code [0x00007fbe4c32e620, 0x00007fbe4c32f0c0]
Event: 790.672 Thread 0x00007fbe640b36e0 9248       3       java.util.concurrent.locks.AbstractQueuedSynchronizer$Node::<init> (5 bytes)
Event: 793.937 Thread 0x00007fbe640b36e0 nmethod 9248 0x00007fbe4c286f10 code [0x00007fbe4c2870c0, 0x00007fbe4c287210]
Event: 890.333 Thread 0x00007fbe640b36e0 9250   !   3       java.util.concurrent.locks.AbstractQueuedSynchronizer::acquire (407 bytes)
Event: 890.336 Thread 0x00007fbe640b36e0 nmethod 9250 0x00007fbe4c4d7910 code [0x00007fbe4c4d7c80, 0x00007fbe4c4d9aa0]
Event: 916.332 Thread 0x00007fbe640b36e0 9251       3       jdk.internal.misc.Unsafe::putIntOpaque (9 bytes)
Event: 919.481 Thread 0x00007fbe640b36e0 nmethod 9251 0x00007fbe4c403c10 code [0x00007fbe4c403da0, 0x00007fbe4c403eb0]
Event: 922.660 Thread 0x00007fbe640b36e0 9252       3       java.util.concurrent.locks.ReentrantLock::unlock (10 bytes)
Event: 926.238 Thread 0x00007fbe640b36e0 nmethod 9252 0x00007fbe4c2a1190 code [0x00007fbe4c2a1360, 0x00007fbe4c2a1790]
Event: 1035.967 Thread 0x00007fbe640b36e0 9253       3       java.util.concurrent.ThreadPoolExecutor::workerCountOf (5 bytes)
Event: 1035.967 Thread 0x00007fbe640b36e0 nmethod 9253 0x00007fbe4bbaaf90 code [0x00007fbe4bbab120, 0x00007fbe4bbab210]
Event: 1153.051 Thread 0x00007fbe640b36e0 9254       3       java.util.concurrent.ScheduledThreadPoolExecutor$DelayedWorkQueue::setIndex (16 bytes)
Event: 1153.051 Thread 0x00007fbe640b36e0 nmethod 9254 0x00007fbe4c456990 code [0x00007fbe4c456b40, 0x00007fbe4c457110]
Event: 1153.052 Thread 0x00007fbe640b36e0 9255       1       java.util.concurrent.ThreadPoolExecutor::getQueue (5 bytes)
Event: 1153.052 Thread 0x00007fbe640b36e0 nmethod 9255 0x00007fbe531f7f10 code [0x00007fbe531f80a0, 0x00007fbe531f8170]
Event: 1183.360 Thread 0x00007fbe640b36e0 9256       3       java.util.concurrent.locks.AbstractQueuedSynchronizer$ConditionObject::canReacquire (28 bytes)
Event: 1183.361 Thread 0x00007fbe640b36e0 nmethod 9256 0x00007fbe4c191e10 code [0x00007fbe4c191fc0, 0x00007fbe4c192310]
Event: 1250.968 Thread 0x00007fbe640b21d0 9257       4       java.lang.Thread::interrupted (23 bytes)

GC Heap History (20 events):
Event: 1264.130 GC heap before
{Heap before GC invocations=754 (full 654):
 PSYoungGen      total 27136K, used 20480K [0x00000000f5580000, 0x00000000f7a00000, 0x0000000100000000)
  eden space 20480K, 100% used [0x00000000f5580000,0x00000000f6980000,0x00000000f6980000)
  from space 6656K, 0% used [0x00000000f7380000,0x00000000f7380000,0x00000000f7a00000)
  to   space 8192K, 0% used [0x00000000f6980000,0x00000000f6980000,0x00000000f7180000)
 ParOldGen       total 349696K, used 349695K [0x00000000e0000000, 0x00000000f5580000, 0x00000000f5580000)
  object space 349696K, 99% used [0x00000000e0000000,0x00000000f557fff8,0x00000000f5580000)
 Metaspace       used 60503K, committed 61632K, reserved 1105920K
  class space    used 5966K, committed 6336K, reserved 1048576K
}
Event: 1265.728 GC heap after
{Heap after GC invocations=754 (full 654):
 PSYoungGen      total 28672K, used 20480K [0x00000000f5580000, 0x00000000f7a00000, 0x0000000100000000)
  eden space 20480K, 100% used [0x00000000f5580000,0x00000000f6980000,0x00000000f6980000)
  from space 8192K, 0% used [0x00000000f6980000,0x00000000f6980000,0x00000000f7180000)
  to   space 6656K, 0% used [0x00000000f7380000,0x00000000f7380000,0x00000000f7a00000)
 ParOldGen       total 349696K, used 349694K [0x00000000e0000000, 0x00000000f5580000, 0x00000000f5580000)
  object space 349696K, 99% used [0x00000000e0000000,0x00000000f557fa58,0x00000000f5580000)
 Metaspace       used 60503K, committed 61632K, reserved 1105920K
  class space    used 5966K, committed 6336K, reserved 1048576K
}
Event: 1265.728 GC heap before
{Heap before GC invocations=755 (full 655):
 PSYoungGen      total 28672K, used 20480K [0x00000000f5580000, 0x00000000f7a00000, 0x0000000100000000)
  eden space 20480K, 100% used [0x00000000f5580000,0x00000000f6980000,0x00000000f6980000)
  from space 8192K, 0% used [0x00000000f6980000,0x00000000f6980000,0x00000000f7180000)
  to   space 6656K, 0% used [0x00000000f7380000,0x00000000f7380000,0x00000000f7a00000)
 ParOldGen       total 349696K, used 349695K [0x00000000e0000000, 0x00000000f5580000, 0x00000000f5580000)
  object space 349696K, 99% used [0x00000000e0000000,0x00000000f557fef8,0x00000000f5580000)
 Metaspace       used 60503K, committed 61632K, reserved 1105920K
  class space    used 5966K, committed 6336K, reserved 1048576K
}
Event: 1267.164 GC heap after
{Heap after GC invocations=755 (full 655):
 PSYoungGen      total 27136K, used 20479K [0x00000000f5580000, 0x00000000f7a00000, 0x0000000100000000)
  eden space 20480K, 99% used [0x00000000f5580000,0x00000000f697ffd0,0x00000000f6980000)
  from space 6656K, 0% used [0x00000000f7380000,0x00000000f7380000,0x00000000f7a00000)
  to   space 8192K, 0% used [0x00000000f6980000,0x00000000f6980000,0x00000000f7180000)
 ParOldGen       total 349696K, used 349694K [0x00000000e0000000, 0x00000000f5580000, 0x00000000f5580000)
  object space 349696K, 99% used [0x00000000e0000000,0x00000000f557fba8,0x00000000f5580000)
 Metaspace       used 60503K, committed 61632K, reserved 1105920K
  class space    used 5966K, committed 6336K, reserved 1048576K
}
Event: 1267.164 GC heap before
{Heap before GC invocations=756 (full 656):
 PSYoungGen      total 27136K, used 20479K [0x00000000f5580000, 0x00000000f7a00000, 0x0000000100000000)
  eden space 20480K, 99% used [0x00000000f5580000,0x00000000f697fff8,0x00000000f6980000)
  from space 6656K, 0% used [0x00000000f7380000,0x00000000f7380000,0x00000000f7a00000)
  to   space 8192K, 0% used [0x00000000f6980000,0x00000000f6980000,0x00000000f7180000)
 ParOldGen       total 349696K, used 349694K [0x00000000e0000000, 0x00000000f5580000, 0x00000000f5580000)
  object space 349696K, 99% used [0x00000000e0000000,0x00000000f557fba8,0x00000000f5580000)
 Metaspace       used 60503K, committed 61632K, reserved 1105920K
  class space    used 5966K, committed 6336K, reserved 1048576K
}
Event: 1268.651 GC heap after
{Heap after GC invocations=756 (full 656):
 PSYoungGen      total 28672K, used 20479K [0x00000000f5580000, 0x00000000f7a00000, 0x0000000100000000)
  eden space 20480K, 99% used [0x00000000f5580000,0x00000000f697ffe8,0x00000000f6980000)
  from space 8192K, 0% used [0x00000000f6980000,0x00000000f6980000,0x00000000f7180000)
  to   space 6656K, 0% used [0x00000000f7380000,0x00000000f7380000,0x00000000f7a00000)
 ParOldGen       total 349696K, used 349694K [0x00000000e0000000, 0x00000000f5580000, 0x00000000f5580000)
  object space 349696K, 99% used [0x00000000e0000000,0x00000000f557fba8,0x00000000f5580000)
 Metaspace       used 60503K, committed 61632K, reserved 1105920K
  class space    used 5966K, committed 6336K, reserved 1048576K
}
Event: 1268.651 GC heap before
{Heap before GC invocations=757 (full 657):
 PSYoungGen      total 28672K, used 20480K [0x00000000f5580000, 0x00000000f7a00000, 0x0000000100000000)
  eden space 20480K, 100% used [0x00000000f5580000,0x00000000f6980000,0x00000000f6980000)
  from space 8192K, 0% used [0x00000000f6980000,0x00000000f6980000,0x00000000f7180000)
  to   space 6656K, 0% used [0x00000000f7380000,0x00000000f7380000,0x00000000f7a00000)
 ParOldGen       total 349696K, used 349694K [0x00000000e0000000, 0x00000000f5580000, 0x00000000f5580000)
  object space 349696K, 99% used [0x00000000e0000000,0x00000000f557fba8,0x00000000f5580000)
 Metaspace       used 60503K, committed 61632K, reserved 1105920K
  class space    used 5966K, committed 6336K, reserved 1048576K
}
Event: 1270.274 GC heap after
{Heap after GC invocations=757 (full 657):
 PSYoungGen      total 27136K, used 20480K [0x00000000f5580000, 0x00000000f7a00000, 0x0000000100000000)
  eden space 20480K, 100% used [0x00000000f5580000,0x00000000f6980000,0x00000000f6980000)
  from space 6656K, 0% used [0x00000000f7380000,0x00000000f7380000,0x00000000f7a00000)
  to   space 8192K, 0% used [0x00000000f6980000,0x00000000f6980000,0x00000000f7180000)
 ParOldGen       total 349696K, used 349694K [0x00000000e0000000, 0x00000000f5580000, 0x00000000f5580000)
  object space 349696K, 99% used [0x00000000e0000000,0x00000000f557fba8,0x00000000f5580000)
 Metaspace       used 60503K, committed 61632K, reserved 1105920K
  class space    used 5966K, committed 6336K, reserved 1048576K
}
Event: 1270.274 GC heap before
{Heap before GC invocations=758 (full 658):
 PSYoungGen      total 27136K, used 20480K [0x00000000f5580000, 0x00000000f7a00000, 0x0000000100000000)
  eden space 20480K, 100% used [0x00000000f5580000,0x00000000f6980000,0x00000000f6980000)
  from space 6656K, 0% used [0x00000000f7380000,0x00000000f7380000,0x00000000f7a00000)
  to   space 8192K, 0% used [0x00000000f6980000,0x00000000f6980000,0x00000000f7180000)
 ParOldGen       total 349696K, used 349694K [0x00000000e0000000, 0x00000000f5580000, 0x00000000f5580000)
  object space 349696K, 99% used [0x00000000e0000000,0x00000000f557fba8,0x00000000f5580000)
 Metaspace       used 60503K, committed 61632K, reserved 1105920K
  class space    used 5966K, committed 6336K, reserved 1048576K
}
Event: 1271.855 GC heap after
{Heap after GC invocations=758 (full 658):
 PSYoungGen      total 28672K, used 20480K [0x00000000f5580000, 0x00000000f7a00000, 0x0000000100000000)
  eden space 20480K, 100% used [0x00000000f5580000,0x00000000f6980000,0x00000000f6980000)
  from space 8192K, 0% used [0x00000000f6980000,0x00000000f6980000,0x00000000f7180000)
  to   space 6656K, 0% used [0x00000000f7380000,0x00000000f7380000,0x00000000f7a00000)
 ParOldGen       total 349696K, used 349694K [0x00000000e0000000, 0x00000000f5580000, 0x00000000f5580000)
  object space 349696K, 99% used [0x00000000e0000000,0x00000000f557fba8,0x00000000f5580000)
 Metaspace       used 60503K, committed 61632K, reserved 1105920K
  class space    used 5966K, committed 6336K, reserved 1048576K
}
Event: 1271.856 GC heap before
{Heap before GC invocations=759 (full 659):
 PSYoungGen      total 28672K, used 20480K [0x00000000f5580000, 0x00000000f7a00000, 0x0000000100000000)
  eden space 20480K, 100% used [0x00000000f5580000,0x00000000f6980000,0x00000000f6980000)
  from space 8192K, 0% used [0x00000000f6980000,0x00000000f6980000,0x00000000f7180000)
  to   space 6656K, 0% used [0x00000000f7380000,0x00000000f7380000,0x00000000f7a00000)
 ParOldGen       total 349696K, used 349695K [0x00000000e0000000, 0x00000000f5580000, 0x00000000f5580000)
  object space 349696K, 99% used [0x00000000e0000000,0x00000000f557ffe8,0x00000000f5580000)
 Metaspace       used 60503K, committed 61632K, reserved 1105920K
  class space    used 5966K, committed 6336K, reserved 1048576K
}
Event: 1273.632 GC heap after
{Heap after GC invocations=759 (full 659):
 PSYoungGen      total 27136K, used 20479K [0x00000000f5580000, 0x00000000f7a00000, 0x0000000100000000)
  eden space 20480K, 99% used [0x00000000f5580000,0x00000000f697ff40,0x00000000f6980000)
  from space 6656K, 0% used [0x00000000f7380000,0x00000000f7380000,0x00000000f7a00000)
  to   space 8192K, 0% used [0x00000000f6980000,0x00000000f6980000,0x00000000f7180000)
 ParOldGen       total 349696K, used 349694K [0x00000000e0000000, 0x00000000f5580000, 0x00000000f5580000)
  object space 349696K, 99% used [0x00000000e0000000,0x00000000f557f9c8,0x00000000f5580000)
 Metaspace       used 60503K, committed 61632K, reserved 1105920K
  class space    used 5966K, committed 6336K, reserved 1048576K
}
Event: 1273.633 GC heap before
{Heap before GC invocations=760 (full 660):
 PSYoungGen      total 27136K, used 20480K [0x00000000f5580000, 0x00000000f7a00000, 0x0000000100000000)
  eden space 20480K, 100% used [0x00000000f5580000,0x00000000f6980000,0x00000000f6980000)
  from space 6656K, 0% used [0x00000000f7380000,0x00000000f7380000,0x00000000f7a00000)
  to   space 8192K, 0% used [0x00000000f6980000,0x00000000f6980000,0x00000000f7180000)
 ParOldGen       total 349696K, used 349694K [0x00000000e0000000, 0x00000000f5580000, 0x00000000f5580000)
  object space 349696K, 99% used [0x00000000e0000000,0x00000000f557f9c8,0x00000000f5580000)
 Metaspace       used 60503K, committed 61632K, reserved 1105920K
  class space    used 5966K, committed 6336K, reserved 1048576K
}
Event: 1275.531 GC heap after
{Heap after GC invocations=760 (full 660):
 PSYoungGen      total 28672K, used 20479K [0x00000000f5580000, 0x00000000f7a00000, 0x0000000100000000)
  eden space 20480K, 99% used [0x00000000f5580000,0x00000000f697ffe8,0x00000000f6980000)
  from space 8192K, 0% used [0x00000000f6980000,0x00000000f6980000,0x00000000f7180000)
  to   space 6656K, 0% used [0x00000000f7380000,0x00000000f7380000,0x00000000f7a00000)
 ParOldGen       total 349696K, used 349694K [0x00000000e0000000, 0x00000000f5580000, 0x00000000f5580000)
  object space 349696K, 99% used [0x00000000e0000000,0x00000000f557f9b0,0x00000000f5580000)
 Metaspace       used 60503K, committed 61632K, reserved 1105920K
  class space    used 5966K, committed 6336K, reserved 1048576K
}
Event: 1275.532 GC heap before
{Heap before GC invocations=761 (full 661):
 PSYoungGen      total 28672K, used 20480K [0x00000000f5580000, 0x00000000f7a00000, 0x0000000100000000)
  eden space 20480K, 100% used [0x00000000f5580000,0x00000000f6980000,0x00000000f6980000)
  from space 8192K, 0% used [0x00000000f6980000,0x00000000f6980000,0x00000000f7180000)
  to   space 6656K, 0% used [0x00000000f7380000,0x00000000f7380000,0x00000000f7a00000)
 ParOldGen       total 349696K, used 349694K [0x00000000e0000000, 0x00000000f5580000, 0x00000000f5580000)
  object space 349696K, 99% used [0x00000000e0000000,0x00000000f557f9b0,0x00000000f5580000)
 Metaspace       used 60503K, committed 61632K, reserved 1105920K
  class space    used 5966K, committed 6336K, reserved 1048576K
}
Event: 1277.141 GC heap after
{Heap after GC invocations=761 (full 661):
 PSYoungGen      total 27136K, used 20480K [0x00000000f5580000, 0x00000000f7a00000, 0x0000000100000000)
  eden space 20480K, 100% used [0x00000000f5580000,0x00000000f6980000,0x00000000f6980000)
  from space 6656K, 0% used [0x00000000f7380000,0x00000000f7380000,0x00000000f7a00000)
  to   space 8192K, 0% used [0x00000000f6980000,0x00000000f6980000,0x00000000f7180000)
 ParOldGen       total 349696K, used 349694K [0x00000000e0000000, 0x00000000f5580000, 0x00000000f5580000)
  object space 349696K, 99% used [0x00000000e0000000,0x00000000f557f9b0,0x00000000f5580000)
 Metaspace       used 60503K, committed 61632K, reserved 1105920K
  class space    used 5966K, committed 6336K, reserved 1048576K
}
Event: 1277.141 GC heap before
{Heap before GC invocations=762 (full 662):
 PSYoungGen      total 27136K, used 20480K [0x00000000f5580000, 0x00000000f7a00000, 0x0000000100000000)
  eden space 20480K, 100% used [0x00000000f5580000,0x00000000f6980000,0x00000000f6980000)
  from space 6656K, 0% used [0x00000000f7380000,0x00000000f7380000,0x00000000f7a00000)
  to   space 8192K, 0% used [0x00000000f6980000,0x00000000f6980000,0x00000000f7180000)
 ParOldGen       total 349696K, used 349694K [0x00000000e0000000, 0x00000000f5580000, 0x00000000f5580000)
  object space 349696K, 99% used [0x00000000e0000000,0x00000000f557f9c8,0x00000000f5580000)
 Metaspace       used 60503K, committed 61632K, reserved 1105920K
  class space    used 5966K, committed 6336K, reserved 1048576K
}
Event: 1278.759 GC heap after
{Heap after GC invocations=762 (full 662):
 PSYoungGen      total 28672K, used 20480K [0x00000000f5580000, 0x00000000f7a00000, 0x0000000100000000)
  eden space 20480K, 100% used [0x00000000f5580000,0x00000000f6980000,0x00000000f6980000)
  from space 8192K, 0% used [0x00000000f6980000,0x00000000f6980000,0x00000000f7180000)
  to   space 6656K, 0% used [0x00000000f7380000,0x00000000f7380000,0x00000000f7a00000)
 ParOldGen       total 349696K, used 349694K [0x00000000e0000000, 0x00000000f5580000, 0x00000000f5580000)
  object space 349696K, 99% used [0x00000000e0000000,0x00000000f557f9c8,0x00000000f5580000)
 Metaspace       used 60503K, committed 61632K, reserved 1105920K
  class space    used 5966K, committed 6336K, reserved 1048576K
}
Event: 1278.759 GC heap before
{Heap before GC invocations=763 (full 663):
 PSYoungGen      total 28672K, used 20480K [0x00000000f5580000, 0x00000000f7a00000, 0x0000000100000000)
  eden space 20480K, 100% used [0x00000000f5580000,0x00000000f6980000,0x00000000f6980000)
  from space 8192K, 0% used [0x00000000f6980000,0x00000000f6980000,0x00000000f7180000)
  to   space 6656K, 0% used [0x00000000f7380000,0x00000000f7380000,0x00000000f7a00000)
 ParOldGen       total 349696K, used 349694K [0x00000000e0000000, 0x00000000f5580000, 0x00000000f5580000)
  object space 349696K, 99% used [0x00000000e0000000,0x00000000f557f9c8,0x00000000f5580000)
 Metaspace       used 60503K, committed 61632K, reserved 1105920K
  class space    used 5966K, committed 6336K, reserved 1048576K
}
Event: 1280.272 GC heap after
{Heap after GC invocations=763 (full 663):
 PSYoungGen      total 27136K, used 20480K [0x00000000f5580000, 0x00000000f7a00000, 0x0000000100000000)
  eden space 20480K, 100% used [0x00000000f5580000,0x00000000f6980000,0x00000000f6980000)
  from space 6656K, 0% used [0x00000000f7380000,0x00000000f7380000,0x00000000f7a00000)
  to   space 8192K, 0% used [0x00000000f6980000,0x00000000f6980000,0x00000000f7180000)
 ParOldGen       total 349696K, used 349694K [0x00000000e0000000, 0x00000000f5580000, 0x00000000f5580000)
  object space 349696K, 99% used [0x00000000e0000000,0x00000000f557f9c8,0x00000000f5580000)
 Metaspace       used 60503K, committed 61632K, reserved 1105920K
  class space    used 5966K, committed 6336K, reserved 1048576K
}

Dll operation events (9 events):
Event: 0.002 Loaded shared library /nix/store/gpxl5qgg8kicmcvivwmybwjlpf7wh20l-graalvm17-ce-22.3.0/lib/libjava.so
Event: 0.009 Loaded shared library /nix/store/gpxl5qgg8kicmcvivwmybwjlpf7wh20l-graalvm17-ce-22.3.0/lib/libjsvml.so
Event: 0.269 Loaded shared library /nix/store/gpxl5qgg8kicmcvivwmybwjlpf7wh20l-graalvm17-ce-22.3.0/lib/libnio.so
Event: 0.274 Loaded shared library /nix/store/gpxl5qgg8kicmcvivwmybwjlpf7wh20l-graalvm17-ce-22.3.0/lib/libzip.so
Event: 0.277 Loaded shared library /nix/store/gpxl5qgg8kicmcvivwmybwjlpf7wh20l-graalvm17-ce-22.3.0/lib/libjvmcicompiler.so
Event: 0.831 Loaded shared library /nix/store/gpxl5qgg8kicmcvivwmybwjlpf7wh20l-graalvm17-ce-22.3.0/lib/libjimage.so
Event: 1.372 Loaded shared library /nix/store/gpxl5qgg8kicmcvivwmybwjlpf7wh20l-graalvm17-ce-22.3.0/lib/libnet.so
Event: 5.929 Loaded shared library /home/runner/.cache/jdt-language-server/config/org.eclipse.equinox.launcher/org.eclipse.equinox.launcher.gtk.linux.x86_64_1.2.400.v20211117-0650/eclipse_11600.so
Event: 18.969 Loaded shared library /nix/store/gpxl5qgg8kicmcvivwmybwjlpf7wh20l-graalvm17-ce-22.3.0/lib/libextnet.so

Deoptimization events (20 events):
Event: 87.985 Thread 0x00007fbdf84c0170 DEOPT PACKING pc=0x00007fbe4c83785d sp=0x00007fbe0f7fe530
Event: 87.985 Thread 0x00007fbdf84c0170 DEOPT UNPACKING pc=0x00007fbe4b505325 sp=0x00007fbe0f7fda20 mode 0
Event: 88.037 Thread 0x00007fbdf84c0170 DEOPT PACKING pc=0x00007fbe4c83785d sp=0x00007fbe0f7fe530
Event: 88.037 Thread 0x00007fbdf84c0170 DEOPT UNPACKING pc=0x00007fbe4b505325 sp=0x00007fbe0f7fda20 mode 0
Event: 88.043 Thread 0x00007fbdf84c0170 DEOPT PACKING pc=0x00007fbe4c83785d sp=0x00007fbe0f7fe530
Event: 88.043 Thread 0x00007fbdf84c0170 DEOPT UNPACKING pc=0x00007fbe4b505325 sp=0x00007fbe0f7fda20 mode 0
Event: 88.052 Thread 0x00007fbdf84c0170 DEOPT PACKING pc=0x00007fbe4c83785d sp=0x00007fbe0f7fe530
Event: 88.052 Thread 0x00007fbdf84c0170 DEOPT UNPACKING pc=0x00007fbe4b505325 sp=0x00007fbe0f7fda20 mode 0
Event: 418.467 Thread 0x00007fbdc0004e50 Uncommon trap: trap_request=0xffffffed fr.pc=0x00007fbe5308fe01 relative=0x0000000000000161
Event: 418.467 Thread 0x00007fbdc0004e50 Uncommon trap: reason=null_assert_or_unreached0 action=reinterpret pc=0x00007fbe5308fe01 method=java.util.concurrent.locks.AbstractQueuedSynchronizer.signalNext(Ljava/util/concurrent/locks/AbstractQueuedSynchronizer$Node;)V @ 17 jvmci
Event: 418.467 Thread 0x00007fbdc0004e50 DEOPT PACKING pc=0x00007fbe5308fe01 sp=0x00007fbe0f8fe700
Event: 418.468 Thread 0x00007fbdc0004e50 DEOPT UNPACKING pc=0x00007fbe4b505325 sp=0x00007fbe0f8fdad0 mode 3
Event: 1264.130 Thread 0x00007fbdf84c0170 Uncommon trap: trap_request=0xffffff8f fr.pc=0x00007fbe531ebe0c relative=0x00000000000011cc
Event: 1264.130 Thread 0x00007fbdf84c0170 Uncommon trap: reason=constraint action=none pc=0x00007fbe531ebe0c method=org.eclipse.jdt.internal.core.index.DiskIndex.copyQueryResults(Lorg/eclipse/jdt/internal/compiler/util/HashtableOfObject;I)V @ 123 jvmci
Event: 1264.130 Thread 0x00007fbdf84c0170 DEOPT PACKING pc=0x00007fbe531ebe0c sp=0x00007fbe0f7fe530
Event: 1264.130 Thread 0x00007fbdf84c0170 DEOPT UNPACKING pc=0x00007fbe4b505325 sp=0x00007fbe0f7fda28 mode 3
Event: 1271.856 Thread 0x00007fbe640b21d0 Uncommon trap: trap_request=0xffffff8f fr.pc=0x00007fbe53049e1b relative=0x000000000000017b
Event: 1271.856 Thread 0x00007fbe640b21d0 Uncommon trap: reason=constraint action=none pc=0x00007fbe53049e1b method=java.io.ByteArrayOutputStream.<init>(I)V @ 0 jvmci
Event: 1271.856 Thread 0x00007fbe640b21d0 DEOPT PACKING pc=0x00007fbe53049e1b sp=0x00007fbe48b16020
Event: 1271.856 Thread 0x00007fbe640b21d0 DEOPT UNPACKING pc=0x00007fbe4b505325 sp=0x00007fbe48b154c8 mode 3

Classes unloaded (20 events):
Event: 195.436 Thread 0x00007fbe640a1c10 Unloading class 0x000000080111cc00 'jdk/internal/reflect/GeneratedSerializationConstructorAccessor10'
Event: 195.436 Thread 0x00007fbe640a1c10 Unloading class 0x000000080111c800 'jdk/internal/reflect/GeneratedSerializationConstructorAccessor9'
Event: 195.436 Thread 0x00007fbe640a1c10 Unloading class 0x000000080111c400 'jdk/internal/reflect/GeneratedSerializationConstructorAccessor8'
Event: 195.436 Thread 0x00007fbe640a1c10 Unloading class 0x000000080111c000 'jdk/internal/reflect/GeneratedConstructorAccessor37'
Event: 195.436 Thread 0x00007fbe640a1c10 Unloading class 0x0000000801109400 'jdk/internal/reflect/GeneratedSerializationConstructorAccessor7'
Event: 195.436 Thread 0x00007fbe640a1c10 Unloading class 0x0000000801109000 'jdk/internal/reflect/GeneratedSerializationConstructorAccessor6'
Event: 195.436 Thread 0x00007fbe640a1c10 Unloading class 0x0000000801108c00 'jdk/internal/reflect/GeneratedSerializationConstructorAccessor5'
Event: 195.436 Thread 0x00007fbe640a1c10 Unloading class 0x0000000801108800 'jdk/internal/reflect/GeneratedSerializationConstructorAccessor4'
Event: 195.436 Thread 0x00007fbe640a1c10 Unloading class 0x0000000801100000 'jdk/internal/reflect/GeneratedConstructorAccessor36'
Event: 195.436 Thread 0x00007fbe640a1c10 Unloading class 0x00000008010dcc00 'jdk/internal/reflect/GeneratedMethodAccessor10'
Event: 195.436 Thread 0x00007fbe640a1c10 Unloading class 0x00000008010dc800 'jdk/internal/reflect/GeneratedMethodAccessor9'
Event: 195.436 Thread 0x00007fbe640a1c10 Unloading class 0x00000008010dc400 'jdk/internal/reflect/GeneratedMethodAccessor8'
Event: 195.436 Thread 0x00007fbe640a1c10 Unloading class 0x00000008010dc000 'jdk/internal/reflect/GeneratedMethodAccessor7'
Event: 195.436 Thread 0x00007fbe640a1c10 Unloading class 0x00000008010b8000 'jdk/internal/reflect/GeneratedSerializationConstructorAccessor3'
Event: 195.436 Thread 0x00007fbe640a1c10 Unloading class 0x0000000801088400 'jdk/internal/reflect/GeneratedSerializationConstructorAccessor2'
Event: 195.436 Thread 0x00007fbe640a1c10 Unloading class 0x0000000801088000 'jdk/internal/reflect/GeneratedSerializationConstructorAccessor1'
Event: 195.436 Thread 0x00007fbe640a1c10 Unloading class 0x0000000800efc000 'jdk/internal/reflect/GeneratedConstructorAccessor14'
Event: 195.436 Thread 0x00007fbe640a1c10 Unloading class 0x0000000800ef4800 'jdk/internal/reflect/GeneratedConstructorAccessor10'
Event: 195.436 Thread 0x00007fbe640a1c10 Unloading class 0x0000000800ef4400 'jdk/internal/reflect/GeneratedConstructorAccessor9'
Event: 195.436 Thread 0x00007fbe640a1c10 Unloading class 0x0000000800ef4000 'jdk/internal/reflect/GeneratedConstructorAccessor8'

Classes redefined (0 events):
No events

Internal exceptions (20 events):
Event: 58.150 Thread 0x00007fbdd8001130 Exception <a 'java/lang/NoSuchMethodError'{0x00000000f667e308}: 'java.lang.Object java.lang.invoke.DirectMethodHandle$Holder.invokeStatic(java.lang.Object, java.lang.Object, java.lang.Object, long)'> (0x00000000f667e308) 
thrown [src/hotspot/share/interpreter/linkResolver.cpp, line 758]
Event: 58.151 Thread 0x00007fbdd8001130 Exception <a 'java/lang/NoSuchMethodError'{0x00000000f69cfed0}: 'java.lang.Object java.lang.invoke.DirectMethodHandle$Holder.newInvokeSpecial(java.lang.Object, java.lang.Object, java.lang.Object, long)'> (0x00000000f69cfed0) 
thrown [src/hotspot/share/interpreter/linkResolver.cpp, line 758]
Event: 58.151 Thread 0x00007fbdd8001130 Exception <a 'java/lang/NoSuchMethodError'{0x00000000f69d4230}: 'java.lang.Object java.lang.invoke.DirectMethodHandle$Holder.invokeSpecial(java.lang.Object, java.lang.Object, java.lang.Object, java.lang.Object, long)'> (0x00000000f69d4230) 
thrown [src/hotspot/share/interpreter/linkResolver.cpp, line 758]
Event: 58.152 Thread 0x00007fbdd8001130 Exception <a 'java/lang/NoSuchMethodError'{0x00000000f69d7ff0}: 'java.lang.Object java.lang.invoke.Invokers$Holder.linkToTargetMethod(java.lang.Object, java.lang.Object, long, java.lang.Object)'> (0x00000000f69d7ff0) 
thrown [src/hotspot/share/interpreter/linkResolver.cpp, line 758]
Event: 58.234 Thread 0x00007fbdd8001130 Exception <a 'sun/nio/fs/UnixException'{0x00000000f6b10898}> (0x00000000f6b10898) 
thrown [src/hotspot/share/prims/jni.cpp, line 516]
Event: 59.859 Thread 0x00007fbdc8000ff0 Exception <a 'java/lang/NoSuchMethodError'{0x00000000f6892a98}: 'java.lang.Object java.lang.invoke.DirectMethodHandle$Holder.newInvokeSpecial(java.lang.Object, java.lang.Object, int, java.lang.Object, java.lang.Object)'> (0x00000000f6892a98) 
thrown [src/hotspot/share/interpreter/linkResolver.cpp, line 758]
Event: 59.859 Thread 0x00007fbdc8000ff0 Exception <a 'java/lang/NoSuchMethodError'{0x00000000f68fdee8}: 'java.lang.Object java.lang.invoke.DirectMethodHandle$Holder.invokeSpecial(java.lang.Object, java.lang.Object, java.lang.Object, int, java.lang.Object, java.lang.Object)'> (0x00000000f68fdee8) 
thrown [src/hotspot/share/interpreter/linkResolver.cpp, line 758]
Event: 66.033 Thread 0x00007fbde813e440 Implicit null exception at 0x00007fbe53175ca2 to 0x00007fbe53176032
Event: 67.276 Thread 0x00007fbde813d840 Exception <a 'java/lang/NoSuchMethodError'{0x00000000f6e1ebe0}: 'int java.lang.invoke.DirectMethodHandle$Holder.invokeStatic(java.lang.Object, java.lang.Object, java.lang.Object, int)'> (0x00000000f6e1ebe0) 
thrown [src/hotspot/share/interpreter/linkResolver.cpp, line 758]
Event: 67.476 Thread 0x00007fbde813d840 Exception <a 'java/lang/NoSuchMethodError'{0x00000000f7b79650}: 'int java.lang.invoke.DirectMethodHandle$Holder.invokeVirtual(java.lang.Object, java.lang.Object, java.lang.Object)'> (0x00000000f7b79650) 
thrown [src/hotspot/share/interpreter/linkResolver.cpp, line 758]
Event: 67.942 Thread 0x00007fbde813d840 Implicit null exception at 0x00007fbe530d08b5 to 0x00007fbe530d0ef7
Event: 69.781 Thread 0x00007fbde813e440 Exception <a 'java/lang/NoSuchMethodError'{0x00000000f5dbfba8}: 'java.lang.Object java.lang.invoke.DirectMethodHandle$Holder.invokeStatic(java.lang.Object, int, java.lang.Object, java.lang.Object, java.lang.Object, java.lang.Object)'> (0x00000000f5dbfba8) 
thrown [src/hotspot/share/interpreter/linkResolver.cpp, line 758]
Event: 69.829 Thread 0x00007fbde813e440 Exception <a 'java/lang/NoSuchMethodError'{0x00000000f5dc80c8}: 'java.lang.Object java.lang.invoke.DirectMethodHandle$Holder.newInvokeSpecial(java.lang.Object, int, java.lang.Object, java.lang.Object, java.lang.Object)'> (0x00000000f5dc80c8) 
thrown [src/hotspot/share/interpreter/linkResolver.cpp, line 758]
Event: 70.544 Thread 0x00007fbde813e440 Exception <a 'java/lang/NoSuchMethodError'{0x00000000f7932be0}: 'void java.lang.invoke.DirectMethodHandle$Holder.invokeSpecial(java.lang.Object, java.lang.Object, int)'> (0x00000000f7932be0) 
thrown [src/hotspot/share/interpreter/linkResolver.cpp, line 758]
Event: 72.451 Thread 0x00007fbde813e440 Exception <a 'java/lang/NoSuchMethodError'{0x00000000f6894698}: 'int java.lang.invoke.DirectMethodHandle$Holder.invokeSpecialIFC(java.lang.Object, java.lang.Object, java.lang.Object, java.lang.Object)'> (0x00000000f6894698) 
thrown [src/hotspot/share/interpreter/linkResolver.cpp, line 758]
Event: 1264.130 Thread 0x00007fbdf84c0170 Exception <a 'java/lang/OutOfMemoryError'{0x00000000e0004be8}> (0x00000000e0004be8) 
thrown [src/hotspot/share/gc/shared/memAllocator.cpp, line 138]
Event: 1264.130 Thread 0x00007fbdf84c0170 Implicit null exception at 0x00007fbe531eb853 to 0x00007fbe531ebdf1
Event: 1271.856 Thread 0x00007fbe640b21d0 Exception <a 'java/lang/OutOfMemoryError'{0x00000000e0004648}> (0x00000000e0004648) 
thrown [src/hotspot/share/gc/shared/memAllocator.cpp, line 138]
Event: 1271.856 Thread 0x00007fbe640b21d0 Implicit null exception at 0x00007fbe53049dd1 to 0x00007fbe53049e00
Event: 1280.272 Thread 0x00007fbe640b21d0 Exception <a 'java/lang/OutOfMemoryError'{0x00000000e00043c8}> (0x00000000e00043c8) 
thrown [src/hotspot/share/gc/shared/memAllocator.cpp, line 136]

VM Operations (20 events):
Event: 1259.542 Executing VM operation: ParallelGCFailedAllocation
Event: 1261.180 Executing VM operation: ParallelGCFailedAllocation done
Event: 1261.180 Executing VM operation: ParallelGCFailedAllocation
Event: 1264.130 Executing VM operation: ParallelGCFailedAllocation done
Event: 1264.130 Executing VM operation: ParallelGCFailedAllocation
Event: 1265.728 Executing VM operation: ParallelGCFailedAllocation done
Event: 1265.728 Executing VM operation: ParallelGCFailedAllocation
Event: 1267.164 Executing VM operation: ParallelGCFailedAllocation done
Event: 1267.164 Executing VM operation: ParallelGCFailedAllocation
Event: 1268.651 Executing VM operation: ParallelGCFailedAllocation done
Event: 1268.651 Executing VM operation: ParallelGCFailedAllocation
Event: 1271.856 Executing VM operation: ParallelGCFailedAllocation done
Event: 1271.856 Executing VM operation: ParallelGCFailedAllocation
Event: 1273.632 Executing VM operation: ParallelGCFailedAllocation done
Event: 1273.633 Executing VM operation: ParallelGCFailedAllocation
Event: 1275.531 Executing VM operation: ParallelGCFailedAllocation done
Event: 1275.531 Executing VM operation: ParallelGCFailedAllocation
Event: 1277.141 Executing VM operation: ParallelGCFailedAllocation done
Event: 1277.141 Executing VM operation: ParallelGCFailedAllocation
Event: 1280.272 Executing VM operation: ParallelGCFailedAllocation done

Events (20 events):
Event: 70.347 Thread 0x00007fbe640b4b30 flushing nmethod 0x00007fbe4caa2610
Event: 70.347 Thread 0x00007fbe640b4b30 flushing nmethod 0x00007fbe4caa2d90
Event: 70.347 Thread 0x00007fbe640b4b30 flushing nmethod 0x00007fbe4caa3110
Event: 70.347 Thread 0x00007fbe640b4b30 flushing nmethod 0x00007fbe4caa8e10
Event: 71.225 loading class java/util/AbstractList$SubList
Event: 71.225 loading class java/util/AbstractList$SubList done
Event: 72.541 Thread 0x00007fbde813e440 Thread exited: 0x00007fbde813e440
Event: 107.357 Thread 0x00007fbdc0008c30 Thread exited: 0x00007fbdc0008c30
Event: 126.775 Thread 0x00007fbde0007560 Thread exited: 0x00007fbde0007560
Event: 126.775 Thread 0x00007fbdf8344120 Thread exited: 0x00007fbdf8344120
Event: 196.841 Thread 0x00007fbdd8001130 Thread exited: 0x00007fbdd8001130
Event: 372.054 loading class java/io/InterruptedIOException
Event: 378.938 loading class java/io/InterruptedIOException done
Event: 378.938 loading class javax/net/ssl/SSLException
Event: 378.938 loading class javax/net/ssl/SSLException done
Event: 378.939 loading class java/lang/AssertionError
Event: 378.939 loading class java/lang/AssertionError done
Event: 418.468 Thread 0x00007fbdc0004e50 Thread exited: 0x00007fbdc0004e50
Event: 418.469 Thread 0x00007fbdc84a46a0 Thread exited: 0x00007fbdc84a46a0
Event: 447.476 Thread 0x00007fbdc84a4c20 Thread exited: 0x00007fbdc84a4c20


Dynamic libraries:
e0000000-f5580000 rw-p 00000000 00:00 0 
f5580000-f7a00000 rw-p 00000000 00:00 0 
f7a00000-100000000 ---p 00000000 00:00 0 
800000000-800449000 rw-p 00001000 00:17f3 4611686019135357769            /nix/store/gpxl5qgg8kicmcvivwmybwjlpf7wh20l-graalvm17-ce-22.3.0/lib/server/classes.jsa
800449000-800bc8000 r--p 0044a000 00:17f3 4611686019135357769            /nix/store/gpxl5qgg8kicmcvivwmybwjlpf7wh20l-graalvm17-ce-22.3.0/lib/server/classes.jsa
800bc8000-800c00000 ---p 00000000 00:00 0 
800c00000-800c20000 rw-p 00000000 00:00 0 
800c20000-800c40000 rw-p 00000000 00:00 0 
800c40000-800cc0000 rw-p 00000000 00:00 0 
800cc0000-800d00000 rw-p 00000000 00:00 0 
800d00000-800dc0000 rw-p 00000000 00:00 0 
800dc0000-800e00000 rw-p 00000000 00:00 0 
800e00000-800f40000 rw-p 00000000 00:00 0 
800f40000-800fc0000 rw-p 00000000 00:00 0 
800fc0000-801000000 rw-p 00000000 00:00 0 
801000000-801230000 rw-p 00000000 00:00 0 
801230000-840c00000 ---p 00000000 00:00 0 
55698a615000-55698a616000 r-xp 00000000 00:17f3 4611686019099417844      /nix/store/gpxl5qgg8kicmcvivwmybwjlpf7wh20l-graalvm17-ce-22.3.0/bin/.java-wrapped
55698a617000-55698a618000 r--p 00001000 00:17f3 4611686019099417844      /nix/store/gpxl5qgg8kicmcvivwmybwjlpf7wh20l-graalvm17-ce-22.3.0/bin/.java-wrapped
55698a618000-55698a619000 rw-p 00002000 00:17f3 4611686019099417844      /nix/store/gpxl5qgg8kicmcvivwmybwjlpf7wh20l-graalvm17-ce-22.3.0/bin/.java-wrapped
55698a619000-55698a61a000 rw-p 00004000 00:17f3 4611686019099417844      /nix/store/gpxl5qgg8kicmcvivwmybwjlpf7wh20l-graalvm17-ce-22.3.0/bin/.java-wrapped
55698a61a000-55698a61b000 rw-p 00005000 00:17f3 4611686019099417844      /nix/store/gpxl5qgg8kicmcvivwmybwjlpf7wh20l-graalvm17-ce-22.3.0/bin/.java-wrapped
55698b733000-55698b77b000 rw-p 00000000 00:00 0                          [heap]
7fbda0000000-7fbda0142000 rw-p 00000000 00:00 0 
7fbda0142000-7fbda4000000 ---p 00000000 00:00 0 
7fbda8000000-7fbda8021000 rw-p 00000000 00:00 0 
7fbda8021000-7fbdac000000 ---p 00000000 00:00 0 
7fbdac000000-7fbdac021000 rw-p 00000000 00:00 0 
7fbdac021000-7fbdb0000000 ---p 00000000 00:00 0 
7fbdb0000000-7fbdb0021000 rw-p 00000000 00:00 0 
7fbdb0021000-7fbdb4000000 ---p 00000000 00:00 0 
7fbdb64b3000-7fbdc0000000 r--s 00000000 00:17f3 4611686019135192581      /nix/store/gpxl5qgg8kicmcvivwmybwjlpf7wh20l-graalvm17-ce-22.3.0/lib/modules
7fbdc0000000-7fbdc0021000 rw-p 00000000 00:00 0 
7fbdc0021000-7fbdc4000000 ---p 00000000 00:00 0 
7fbdc4000000-7fbdc4021000 rw-p 00000000 00:00 0 
7fbdc4021000-7fbdc8000000 ---p 00000000 00:00 0 
7fbdc8000000-7fbdc8575000 rw-p 00000000 00:00 0 
7fbdc8575000-7fbdcc000000 ---p 00000000 00:00 0 
7fbdcc000000-7fbdcc058000 rw-p 00000000 00:00 0 
7fbdcc058000-7fbdd0000000 ---p 00000000 00:00 0 
7fbdd0000000-7fbdd0021000 rw-p 00000000 00:00 0 
7fbdd0021000-7fbdd4000000 ---p 00000000 00:00 0 
7fbdd4000000-7fbdd4021000 rw-p 00000000 00:00 0 
7fbdd4021000-7fbdd8000000 ---p 00000000 00:00 0 
7fbdd8000000-7fbdd8125000 rw-p 00000000 00:00 0 
7fbdd8125000-7fbddc000000 ---p 00000000 00:00 0 
7fbddc000000-7fbddc068000 rw-p 00000000 00:00 0 
7fbddc068000-7fbde0000000 ---p 00000000 00:00 0 
7fbde0000000-7fbde0042000 rw-p 00000000 00:00 0 
7fbde0042000-7fbde4000000 ---p 00000000 00:00 0 
7fbde4000000-7fbde42f4000 rw-p 00000000 00:00 0 
7fbde42f4000-7fbde8000000 ---p 00000000 00:00 0 
7fbde8000000-7fbde81ac000 rw-p 00000000 00:00 0 
7fbde81ac000-7fbdec000000 ---p 00000000 00:00 0 
7fbdec000000-7fbdec021000 rw-p 00000000 00:00 0 
7fbdec021000-7fbdf0000000 ---p 00000000 00:00 0 
7fbdf0000000-7fbdf0021000 rw-p 00000000 00:00 0 
7fbdf0021000-7fbdf4000000 ---p 00000000 00:00 0 
7fbdf4400000-7fbdf4ab0000 rw-p 00000000 00:00 0 
7fbdf4ab0000-7fbdf4c00000 ---p 00000000 00:00 0 
7fbdf5800000-7fbdf5da0000 rw-p 00000000 00:00 0 
7fbdf5da0000-7fbdf5f50000 rw-p 00000000 00:00 0 
7fbdf5f50000-7fbdf6000000 ---p 00000000 00:00 0 
7fbdf6000000-7fbdf6500000 rw-p 00000000 00:00 0 
7fbdf6500000-7fbdf6600000 rw-p 00000000 00:00 0 
7fbdf6600000-7fbdf6800000 rw-p 00000000 00:00 0 
7fbdf6800000-7fbdf6900000 rw-p 00000000 00:00 0 
7fbdf6900000-7fbdf6b00000 rw-p 00000000 00:00 0 
7fbdf6b00000-7fbdf6be0000 rw-p 00000000 00:00 0 
7fbdf6be0000-7fbdf6d00000 rw-p 00000000 00:00 0 
7fbdf6d00000-7fbdf6f00000 rw-p 00000000 00:00 0 
7fbdf6f00000-7fbdf7000000 rw-p 00000000 00:00 0 
7fbdf7000000-7fbdf7100000 rw-p 00000000 00:00 0 
7fbdf7100000-7fbdf7200000 rw-p 00000000 00:00 0 
7fbdf7200000-7fbdf77c0000 rw-p 00000000 00:00 0 
7fbdf77c0000-7fbdf7800000 rw-p 00000000 00:00 0 
7fbdf7800000-7fbdf7900000 rw-p 00000000 00:00 0 
7fbdf7900000-7fbdf7a00000 rw-p 00000000 00:00 0 
7fbdf7a00000-7fbdf7d00000 rw-p 00000000 00:00 0 
7fbdf7d00000-7fbdf7e00000 rw-p 00000000 00:00 0 
7fbdf7e00000-7fbdf8000000 rw-p 00000000 00:00 0 
7fbdf8000000-7fbdf88f9000 rw-p 00000000 00:00 0 
7fbdf88f9000-7fbdfc000000 ---p 00000000 00:00 0 
7fbdfc000000-7fbdfc023000 rw-p 00000000 00:00 0 
7fbdfc023000-7fbe00000000 ---p 00000000 00:00 0 
7fbe00000000-7fbe00021000 rw-p 00000000 00:00 0 
7fbe00021000-7fbe04000000 ---p 00000000 00:00 0 
7fbe04000000-7fbe04021000 rw-p 00000000 00:00 0 
7fbe04021000-7fbe08000000 ---p 00000000 00:00 0 
7fbe08000000-7fbe08124000 rw-p 00000000 00:00 0 
7fbe08124000-7fbe0c000000 ---p 00000000 00:00 0 
7fbe0c600000-7fbe0c610000 r-xp 00000000 00:13ba 353                      /home/runner/.cache/jdt-language-server/config/org.eclipse.equinox.launcher/org.eclipse.equinox.launcher.gtk.linux.x86_64_1.2.400.v20211117-0650/eclipse_11600.so
7fbe0c610000-7fbe0c80f000 ---p 00010000 00:13ba 353                      /home/runner/.cache/jdt-language-server/config/org.eclipse.equinox.launcher/org.eclipse.equinox.launcher.gtk.linux.x86_64_1.2.400.v20211117-0650/eclipse_11600.so
7fbe0c80f000-7fbe0c810000 r--p 0000f000 00:13ba 353                      /home/runner/.cache/jdt-language-server/config/org.eclipse.equinox.launcher/org.eclipse.equinox.launcher.gtk.linux.x86_64_1.2.400.v20211117-0650/eclipse_11600.so
7fbe0c810000-7fbe0c811000 rw-p 00010000 00:13ba 353                      /home/runner/.cache/jdt-language-server/config/org.eclipse.equinox.launcher/org.eclipse.equinox.launcher.gtk.linux.x86_64_1.2.400.v20211117-0650/eclipse_11600.so
7fbe0d700000-7fbe0d800000 ---p 00000000 00:00 0 
7fbe0d800000-7fbe0ddaf000 r--p 01122000 00:17f3 4611686019135190040      /nix/store/gpxl5qgg8kicmcvivwmybwjlpf7wh20l-graalvm17-ce-22.3.0/lib/libjvmcicompiler.so
7fbe0ddaf000-7fbe0df00000 r--p 00000000 00:00 0 
7fbe0df00000-7fbe0df3d000 rw-p 00000000 00:00 0 
7fbe0df3d000-7fbe0e45d000 rw-p 0185f000 00:17f3 4611686019135190040      /nix/store/gpxl5qgg8kicmcvivwmybwjlpf7wh20l-graalvm17-ce-22.3.0/lib/libjvmcicompiler.so
7fbe0e45d000-7fbe0e844000 r--p 01d7f000 00:17f3 4611686019135190040      /nix/store/gpxl5qgg8kicmcvivwmybwjlpf7wh20l-graalvm17-ce-22.3.0/lib/libjvmcicompiler.so
7fbe0e900000-7fbe0e904000 ---p 00000000 00:00 0 
7fbe0e904000-7fbe0ea00000 rw-p 00000000 00:00 0 
7fbe0eb00000-7fbe0eb04000 ---p 00000000 00:00 0 
7fbe0eb04000-7fbe0ec00000 rw-p 00000000 00:00 0 
7fbe0ed00000-7fbe0ed04000 ---p 00000000 00:00 0 
7fbe0ed04000-7fbe0ee00000 rw-p 00000000 00:00 0 
7fbe0ef00000-7fbe0ef04000 ---p 00000000 00:00 0 
7fbe0ef04000-7fbe0f000000 rw-p 00000000 00:00 0 
7fbe0f100000-7fbe0f104000 ---p 00000000 00:00 0 
7fbe0f104000-7fbe0f200000 rw-p 00000000 00:00 0 
7fbe0f300000-7fbe0f304000 ---p 00000000 00:00 0 
7fbe0f304000-7fbe0f400000 rw-p 00000000 00:00 0 
7fbe0f400000-7fbe0f404000 ---p 00000000 00:00 0 
7fbe0f404000-7fbe0f500000 rw-p 00000000 00:00 0 
7fbe0f500000-7fbe0f504000 ---p 00000000 00:00 0 
7fbe0f504000-7fbe0f600000 rw-p 00000000 00:00 0 
7fbe0f700000-7fbe0f704000 ---p 00000000 00:00 0 
7fbe0f704000-7fbe0f800000 rw-p 00000000 00:00 0 
7fbe0f800000-7fbe0f804000 ---p 00000000 00:00 0 
7fbe0f804000-7fbe0f900000 rw-p 00000000 00:00 0 
7fbe0f900000-7fbe0f904000 ---p 00000000 00:00 0 
7fbe0f904000-7fbe0fa00000 rw-p 00000000 00:00 0 
7fbe0fb00000-7fbe0fb04000 ---p 00000000 00:00 0 
7fbe0fb04000-7fbe0fc00000 rw-p 00000000 00:00 0 
7fbe0fd00000-7fbe0fd04000 ---p 00000000 00:00 0 
7fbe0fd04000-7fbe0fe00000 rw-p 00000000 00:00 0 
7fbe0ff00000-7fbe0ff04000 ---p 00000000 00:00 0 
7fbe0ff04000-7fbe10000000 rw-p 00000000 00:00 0 
7fbe10000000-7fbe10004000 ---p 00000000 00:00 0 
7fbe10004000-7fbe10100000 rw-p 00000000 00:00 0 
7fbe10100000-7fbe10104000 ---p 00000000 00:00 0 
7fbe10104000-7fbe10200000 rw-p 00000000 00:00 0 
7fbe10200000-7fbe10204000 ---p 00000000 00:00 0 
7fbe10204000-7fbe10300000 rw-p 00000000 00:00 0 
7fbe10300000-7fbe10304000 ---p 00000000 00:00 0 
7fbe10304000-7fbe10400000 rw-p 00000000 00:00 0 
7fbe10500000-7fbe10504000 ---p 00000000 00:00 0 
7fbe10504000-7fbe10600000 rw-p 00000000 00:00 0 
7fbe10700000-7fbe10704000 ---p 00000000 00:00 0 
7fbe10704000-7fbe10800000 rw-p 00000000 00:00 0 
7fbe10900000-7fbe10904000 ---p 00000000 00:00 0 
7fbe10904000-7fbe10a00000 rw-p 00000000 00:00 0 
7fbe117a9000-7fbe11b00000 rw-p 00000000 00:00 0 
7fbe11c00000-7fbe13d6a000 r-xp 00000000 00:17f3 4611686019135190040      /nix/store/gpxl5qgg8kicmcvivwmybwjlpf7wh20l-graalvm17-ce-22.3.0/lib/libjvmcicompiler.so
7fbe13d6a000-7fbe13f69000 ---p 0216a000 00:17f3 4611686019135190040      /nix/store/gpxl5qgg8kicmcvivwmybwjlpf7wh20l-graalvm17-ce-22.3.0/lib/libjvmcicompiler.so
7fbe13f69000-7fbe13f6a000 r--p 02169000 00:17f3 4611686019135190040      /nix/store/gpxl5qgg8kicmcvivwmybwjlpf7wh20l-graalvm17-ce-22.3.0/lib/libjvmcicompiler.so
7fbe13f6a000-7fbe13f6c000 rw-p 0216a000 00:17f3 4611686019135190040      /nix/store/gpxl5qgg8kicmcvivwmybwjlpf7wh20l-graalvm17-ce-22.3.0/lib/libjvmcicompiler.so
7fbe13f6c000-7fbe13f6d000 rw-p 00000000 00:00 0 
7fbe13f6d000-7fbe13f72000 rw-p 023c3000 00:17f3 4611686019135190040      /nix/store/gpxl5qgg8kicmcvivwmybwjlpf7wh20l-graalvm17-ce-22.3.0/lib/libjvmcicompiler.so
7fbe14000000-7fbe14021000 rw-p 00000000 00:00 0 
7fbe14021000-7fbe18000000 ---p 00000000 00:00 0 
7fbe18000000-7fbe18021000 rw-p 00000000 00:00 0 
7fbe18021000-7fbe1c000000 ---p 00000000 00:00 0 
7fbe1c000000-7fbe1c029000 rw-p 00000000 00:00 0 
7fbe1c029000-7fbe20000000 ---p 00000000 00:00 0 
7fbe20000000-7fbe20021000 rw-p 00000000 00:00 0 
7fbe20021000-7fbe24000000 ---p 00000000 00:00 0 
7fbe24000000-7fbe2420a000 rw-p 00000000 00:00 0 
7fbe2420a000-7fbe28000000 ---p 00000000 00:00 0 
7fbe28000000-7fbe28b61000 rw-p 00000000 00:00 0 
7fbe28b61000-7fbe2c000000 ---p 00000000 00:00 0 
7fbe2c000000-7fbe2c021000 rw-p 00000000 00:00 0 
7fbe2c021000-7fbe30000000 ---p 00000000 00:00 0 
7fbe30000000-7fbe30021000 rw-p 00000000 00:00 0 
7fbe30021000-7fbe34000000 ---p 00000000 00:00 0 
7fbe34000000-7fbe34021000 rw-p 00000000 00:00 0 
7fbe34021000-7fbe38000000 ---p 00000000 00:00 0 
7fbe38000000-7fbe38021000 rw-p 00000000 00:00 0 
7fbe38021000-7fbe3c000000 ---p 00000000 00:00 0 
7fbe3c000000-7fbe3c021000 rw-p 00000000 00:00 0 
7fbe3c021000-7fbe40000000 ---p 00000000 00:00 0 
7fbe40000000-7fbe40021000 rw-p 00000000 00:00 0 
7fbe40021000-7fbe44000000 ---p 00000000 00:00 0 
7fbe44000000-7fbe4411e000 rw-p 00000000 00:00 0 
7fbe4411e000-7fbe48000000 ---p 00000000 00:00 0 
7fbe48100000-7fbe48104000 ---p 00000000 00:00 0 
7fbe48104000-7fbe48200000 rw-p 00000000 00:00 0 
7fbe48316000-7fbe48317000 ---p 00000000 00:00 0 
7fbe48317000-7fbe48418000 rw-p 00000000 00:00 0 
7fbe48418000-7fbe4841c000 ---p 00000000 00:00 0 
7fbe4841c000-7fbe48518000 rw-p 00000000 00:00 0 
7fbe48518000-7fbe4851c000 ---p 00000000 00:00 0 
7fbe4851c000-7fbe48618000 rw-p 00000000 00:00 0 
7fbe48618000-7fbe4861c000 ---p 00000000 00:00 0 
7fbe4861c000-7fbe48718000 rw-p 00000000 00:00 0 
7fbe48718000-7fbe4871c000 ---p 00000000 00:00 0 
7fbe4871c000-7fbe48918000 rw-p 00000000 00:00 0 
7fbe48918000-7fbe4891c000 ---p 00000000 00:00 0 
7fbe4891c000-7fbe48b18000 rw-p 00000000 00:00 0 
7fbe48b18000-7fbe48b1c000 ---p 00000000 00:00 0 
7fbe48b1c000-7fbe48c18000 rw-p 00000000 00:00 0 
7fbe48c18000-7fbe48c1c000 ---p 00000000 00:00 0 
7fbe48c1c000-7fbe48d18000 rw-p 00000000 00:00 0 
7fbe48d18000-7fbe48d1c000 ---p 00000000 00:00 0 
7fbe48d1c000-7fbe48e18000 rw-p 00000000 00:00 0 
7fbe48e18000-7fbe490fe000 r--p 00000000 00:18b7 28444448                 /usr/lib/locale/locale-archive
7fbe490fe000-7fbe49102000 ---p 00000000 00:00 0 
7fbe49102000-7fbe491fe000 rw-p 00000000 00:00 0 
7fbe491fe000-7fbe49202000 ---p 00000000 00:00 0 
7fbe49202000-7fbe492fe000 rw-p 00000000 00:00 0 
7fbe492fe000-7fbe492ff000 ---p 00000000 00:00 0 
7fbe492ff000-7fbe49800000 rw-p 00000000 00:00 0 
7fbe49800000-7fbe49b00000 rw-p 00000000 00:00 0 
7fbe49b00000-7fbe49c00000 rw-p 00000000 00:00 0 
7fbe49c72000-7fbe49c74000 r-xp 00000000 00:17f3 4611686019135190017      /nix/store/gpxl5qgg8kicmcvivwmybwjlpf7wh20l-graalvm17-ce-22.3.0/lib/libextnet.so
7fbe49c74000-7fbe49c75000 r--p 00001000 00:17f3 4611686019135190017      /nix/store/gpxl5qgg8kicmcvivwmybwjlpf7wh20l-graalvm17-ce-22.3.0/lib/libextnet.so
7fbe49c75000-7fbe49c76000 rw-p 00002000 00:17f3 4611686019135190017      /nix/store/gpxl5qgg8kicmcvivwmybwjlpf7wh20l-graalvm17-ce-22.3.0/lib/libextnet.so
7fbe49c76000-7fbe49c77000 rw-p 00004000 00:17f3 4611686019135190017      /nix/store/gpxl5qgg8kicmcvivwmybwjlpf7wh20l-graalvm17-ce-22.3.0/lib/libextnet.so
7fbe49c77000-7fbe49c7b000 ---p 00000000 00:00 0 
7fbe49c7b000-7fbe49c99000 rw-p 00000000 00:00 0 
7fbe49c99000-7fbe49ca0000 r-xp 00000000 00:17f3 4611686019135192580      /nix/store/gpxl5qgg8kicmcvivwmybwjlpf7wh20l-graalvm17-ce-22.3.0/lib/libzip.so
7fbe49ca0000-7fbe49ca1000 ---p 00007000 00:17f3 4611686019135192580      /nix/store/gpxl5qgg8kicmcvivwmybwjlpf7wh20l-graalvm17-ce-22.3.0/lib/libzip.so
7fbe49ca1000-7fbe49ca2000 r--p 00007000 00:17f3 4611686019135192580      /nix/store/gpxl5qgg8kicmcvivwmybwjlpf7wh20l-graalvm17-ce-22.3.0/lib/libzip.so
7fbe49ca2000-7fbe49ca3000 rw-p 00008000 00:17f3 4611686019135192580      /nix/store/gpxl5qgg8kicmcvivwmybwjlpf7wh20l-graalvm17-ce-22.3.0/lib/libzip.so
7fbe49ca3000-7fbe49ca5000 rw-p 0000b000 00:17f3 4611686019135192580      /nix/store/gpxl5qgg8kicmcvivwmybwjlpf7wh20l-graalvm17-ce-22.3.0/lib/libzip.so
7fbe49ca5000-7fbe49cba000 r-xp 00000000 00:17f3 4611686019135192570      /nix/store/gpxl5qgg8kicmcvivwmybwjlpf7wh20l-graalvm17-ce-22.3.0/lib/libnet.so
7fbe49cba000-7fbe49cbb000 ---p 00015000 00:17f3 4611686019135192570      /nix/store/gpxl5qgg8kicmcvivwmybwjlpf7wh20l-graalvm17-ce-22.3.0/lib/libnet.so
7fbe49cbb000-7fbe49cbc000 r--p 00015000 00:17f3 4611686019135192570      /nix/store/gpxl5qgg8kicmcvivwmybwjlpf7wh20l-graalvm17-ce-22.3.0/lib/libnet.so
7fbe49cbc000-7fbe49cbd000 rw-p 00016000 00:17f3 4611686019135192570      /nix/store/gpxl5qgg8kicmcvivwmybwjlpf7wh20l-graalvm17-ce-22.3.0/lib/libnet.so
7fbe49cbd000-7fbe49cc0000 rw-p 0001b000 00:17f3 4611686019135192570      /nix/store/gpxl5qgg8kicmcvivwmybwjlpf7wh20l-graalvm17-ce-22.3.0/lib/libnet.so
7fbe49cc0000-7fbe49d8e000 r-xp 00000000 00:17f3 4611686019135190036      /nix/store/gpxl5qgg8kicmcvivwmybwjlpf7wh20l-graalvm17-ce-22.3.0/lib/libjsvml.so
7fbe49d8e000-7fbe49d8f000 r--p 000cd000 00:17f3 4611686019135190036      /nix/store/gpxl5qgg8kicmcvivwmybwjlpf7wh20l-graalvm17-ce-22.3.0/lib/libjsvml.so
7fbe49d8f000-7fbe49d90000 rw-p 000ce000 00:17f3 4611686019135190036      /nix/store/gpxl5qgg8kicmcvivwmybwjlpf7wh20l-graalvm17-ce-22.3.0/lib/libjsvml.so
7fbe49d90000-7fbe4b4b3000 rw-p 00000000 00:00 0 
7fbe4b4b3000-7fbe4b723000 rwxp 00000000 00:00 0 
7fbe4b723000-7fbe4ba42000 ---p 00000000 00:00 0 
7fbe4ba42000-7fbe4cb02000 rwxp 00000000 00:00 0 
7fbe4cb02000-7fbe52f7a000 ---p 00000000 00:00 0 
7fbe52f7a000-7fbe531fa000 rwxp 00000000 00:00 0 
7fbe531fa000-7fbe5a4b3000 ---p 00000000 00:00 0 
7fbe5a4b3000-7fbe64000000 r--s 00000000 00:17f3 4611686019135192581      /nix/store/gpxl5qgg8kicmcvivwmybwjlpf7wh20l-graalvm17-ce-22.3.0/lib/modules
7fbe64000000-7fbe64609000 rw-p 00000000 00:00 0 
7fbe64609000-7fbe68000000 ---p 00000000 00:00 0 
7fbe68002000-7fbe68015000 r-xp 00000000 00:17f3 4611686019135192571      /nix/store/gpxl5qgg8kicmcvivwmybwjlpf7wh20l-graalvm17-ce-22.3.0/lib/libnio.so
7fbe68015000-7fbe68016000 r--p 00012000 00:17f3 4611686019135192571      /nix/store/gpxl5qgg8kicmcvivwmybwjlpf7wh20l-graalvm17-ce-22.3.0/lib/libnio.so
7fbe68016000-7fbe68017000 rw-p 00013000 00:17f3 4611686019135192571      /nix/store/gpxl5qgg8kicmcvivwmybwjlpf7wh20l-graalvm17-ce-22.3.0/lib/libnio.so
7fbe68017000-7fbe6801c000 rw-p 00019000 00:17f3 4611686019135192571      /nix/store/gpxl5qgg8kicmcvivwmybwjlpf7wh20l-graalvm17-ce-22.3.0/lib/libnio.so
7fbe6801c000-7fbe681d1000 rw-p 00000000 00:00 0 
7fbe681d1000-7fbe681d2000 ---p 00000000 00:00 0 
7fbe681d2000-7fbe6837d000 rw-p 00000000 00:00 0 
7fbe6837d000-7fbe68390000 rw-p 00000000 00:00 0 
7fbe68390000-7fbe683d3000 ---p 00000000 00:00 0 
7fbe683d3000-7fbe683d9000 rw-p 00000000 00:00 0 
7fbe683d9000-7fbe684bf000 ---p 00000000 00:00 0 
7fbe684bf000-7fbe684e1000 rw-p 00000000 00:00 0 
7fbe684e1000-7fbe685aa000 ---p 00000000 00:00 0 
7fbe685aa000-7fbe685af000 rw-p 00000000 00:00 0 
7fbe685af000-7fbe685b6000 ---p 00000000 00:00 0 
7fbe685b6000-7fbe685da000 r-xp 00000000 00:17f3 4611686019135190028      /nix/store/gpxl5qgg8kicmcvivwmybwjlpf7wh20l-graalvm17-ce-22.3.0/lib/libjava.so
7fbe685da000-7fbe685db000 ---p 00024000 00:17f3 4611686019135190028      /nix/store/gpxl5qgg8kicmcvivwmybwjlpf7wh20l-graalvm17-ce-22.3.0/lib/libjava.so
7fbe685db000-7fbe685dc000 r--p 00024000 00:17f3 4611686019135190028      /nix/store/gpxl5qgg8kicmcvivwmybwjlpf7wh20l-graalvm17-ce-22.3.0/lib/libjava.so
7fbe685dc000-7fbe685dd000 rw-p 00025000 00:17f3 4611686019135190028      /nix/store/gpxl5qgg8kicmcvivwmybwjlpf7wh20l-graalvm17-ce-22.3.0/lib/libjava.so
7fbe685dd000-7fbe685de000 rw-p 00000000 00:00 0 
7fbe685de000-7fbe685e5000 rw-p 0002f000 00:17f3 4611686019135190028      /nix/store/gpxl5qgg8kicmcvivwmybwjlpf7wh20l-graalvm17-ce-22.3.0/lib/libjava.so
7fbe685e5000-7fbe685ed000 rw-s 00000000 00:1890 350                      /tmp/hsperfdata_runner/22
7fbe685ed000-7fbe685ee000 ---p 00000000 00:00 0 
7fbe685ee000-7fbe685ef000 r--p 00000000 00:00 0 
7fbe685ef000-7fbe685f0000 rwxp 00000000 00:00 0 
7fbe685f0000-7fbe6860b000 r-xp 00000000 00:17f3 4611686019135190032      /nix/store/gpxl5qgg8kicmcvivwmybwjlpf7wh20l-graalvm17-ce-22.3.0/lib/libjimage.so
7fbe6860b000-7fbe6860c000 ---p 0001b000 00:17f3 4611686019135190032      /nix/store/gpxl5qgg8kicmcvivwmybwjlpf7wh20l-graalvm17-ce-22.3.0/lib/libjimage.so
7fbe6860c000-7fbe6860e000 r--p 0001b000 00:17f3 4611686019135190032      /nix/store/gpxl5qgg8kicmcvivwmybwjlpf7wh20l-graalvm17-ce-22.3.0/lib/libjimage.so
7fbe6860e000-7fbe6860f000 rw-p 0001d000 00:17f3 4611686019135190032      /nix/store/gpxl5qgg8kicmcvivwmybwjlpf7wh20l-graalvm17-ce-22.3.0/lib/libjimage.so
7fbe6860f000-7fbe68610000 rw-p 00024000 00:17f3 4611686019135190032      /nix/store/gpxl5qgg8kicmcvivwmybwjlpf7wh20l-graalvm17-ce-22.3.0/lib/libjimage.so
7fbe68610000-7fbe68614000 ---p 00000000 00:00 0 
7fbe68614000-7fbe68710000 rw-p 00000000 00:00 0 
7fbe68710000-7fbe6871e000 r--p 00000000 00:17f3 4611686019027979927      /nix/store/4nlgxhb09sdr51nc9hdm8az5b08vzkgx-glibc-2.35-163/lib/libm.so.6
7fbe6871e000-7fbe68791000 r-xp 0000e000 00:17f3 4611686019027979927      /nix/store/4nlgxhb09sdr51nc9hdm8az5b08vzkgx-glibc-2.35-163/lib/libm.so.6
7fbe68791000-7fbe687ee000 r--p 00081000 00:17f3 4611686019027979927      /nix/store/4nlgxhb09sdr51nc9hdm8az5b08vzkgx-glibc-2.35-163/lib/libm.so.6
7fbe687ee000-7fbe687ef000 r--p 000dd000 00:17f3 4611686019027979927      /nix/store/4nlgxhb09sdr51nc9hdm8az5b08vzkgx-glibc-2.35-163/lib/libm.so.6
7fbe687ef000-7fbe687f0000 rw-p 000de000 00:17f3 4611686019027979927      /nix/store/4nlgxhb09sdr51nc9hdm8az5b08vzkgx-glibc-2.35-163/lib/libm.so.6
7fbe687f0000-7fbe687f1000 r--p 00000000 00:17f3 4611686019027979946      /nix/store/4nlgxhb09sdr51nc9hdm8az5b08vzkgx-glibc-2.35-163/lib/librt.so.1
7fbe687f1000-7fbe687f2000 r-xp 00001000 00:17f3 4611686019027979946      /nix/store/4nlgxhb09sdr51nc9hdm8az5b08vzkgx-glibc-2.35-163/lib/librt.so.1
7fbe687f2000-7fbe687f3000 r--p 00002000 00:17f3 4611686019027979946      /nix/store/4nlgxhb09sdr51nc9hdm8az5b08vzkgx-glibc-2.35-163/lib/librt.so.1
7fbe687f3000-7fbe687f4000 r--p 00002000 00:17f3 4611686019027979946      /nix/store/4nlgxhb09sdr51nc9hdm8az5b08vzkgx-glibc-2.35-163/lib/librt.so.1
7fbe687f4000-7fbe687f5000 rw-p 00003000 00:17f3 4611686019027979946      /nix/store/4nlgxhb09sdr51nc9hdm8az5b08vzkgx-glibc-2.35-163/lib/librt.so.1
7fbe687f5000-7fbe69908000 r-xp 00000000 00:17f3 4611686019135360866      /nix/store/gpxl5qgg8kicmcvivwmybwjlpf7wh20l-graalvm17-ce-22.3.0/lib/server/libjvm.so
7fbe69908000-7fbe69909000 ---p 01113000 00:17f3 4611686019135360866      /nix/store/gpxl5qgg8kicmcvivwmybwjlpf7wh20l-graalvm17-ce-22.3.0/lib/server/libjvm.so
7fbe69909000-7fbe699be000 r--p 01113000 00:17f3 4611686019135360866      /nix/store/gpxl5qgg8kicmcvivwmybwjlpf7wh20l-graalvm17-ce-22.3.0/lib/server/libjvm.so
7fbe699be000-7fbe699f2000 rw-p 011c8000 00:17f3 4611686019135360866      /nix/store/gpxl5qgg8kicmcvivwmybwjlpf7wh20l-graalvm17-ce-22.3.0/lib/server/libjvm.so
7fbe699f2000-7fbe69a4e000 rw-p 00000000 00:00 0 
7fbe69a4e000-7fbe69a76000 r--p 00000000 00:17f3 4611686019027979918      /nix/store/4nlgxhb09sdr51nc9hdm8az5b08vzkgx-glibc-2.35-163/lib/libc.so.6
7fbe69a76000-7fbe69bec000 r-xp 00028000 00:17f3 4611686019027979918      /nix/store/4nlgxhb09sdr51nc9hdm8az5b08vzkgx-glibc-2.35-163/lib/libc.so.6
7fbe69bec000-7fbe69c44000 r--p 0019e000 00:17f3 4611686019027979918      /nix/store/4nlgxhb09sdr51nc9hdm8az5b08vzkgx-glibc-2.35-163/lib/libc.so.6
7fbe69c44000-7fbe69c48000 r--p 001f6000 00:17f3 4611686019027979918      /nix/store/4nlgxhb09sdr51nc9hdm8az5b08vzkgx-glibc-2.35-163/lib/libc.so.6
7fbe69c48000-7fbe69c4a000 rw-p 001fa000 00:17f3 4611686019027979918      /nix/store/4nlgxhb09sdr51nc9hdm8az5b08vzkgx-glibc-2.35-163/lib/libc.so.6
7fbe69c4a000-7fbe69c59000 rw-p 00000000 00:00 0 
7fbe69c59000-7fbe69c5a000 r--p 00000000 00:17f3 4611686019027979923      /nix/store/4nlgxhb09sdr51nc9hdm8az5b08vzkgx-glibc-2.35-163/lib/libdl.so.2
7fbe69c5a000-7fbe69c5b000 r-xp 00001000 00:17f3 4611686019027979923      /nix/store/4nlgxhb09sdr51nc9hdm8az5b08vzkgx-glibc-2.35-163/lib/libdl.so.2
7fbe69c5b000-7fbe69c5c000 r--p 00002000 00:17f3 4611686019027979923      /nix/store/4nlgxhb09sdr51nc9hdm8az5b08vzkgx-glibc-2.35-163/lib/libdl.so.2
7fbe69c5c000-7fbe69c5d000 r--p 00002000 00:17f3 4611686019027979923      /nix/store/4nlgxhb09sdr51nc9hdm8az5b08vzkgx-glibc-2.35-163/lib/libdl.so.2
7fbe69c5d000-7fbe69c5e000 rw-p 00003000 00:17f3 4611686019027979923      /nix/store/4nlgxhb09sdr51nc9hdm8az5b08vzkgx-glibc-2.35-163/lib/libdl.so.2
7fbe69c5e000-7fbe69c5f000 r--p 00000000 00:17f3 4611686019027979942      /nix/store/4nlgxhb09sdr51nc9hdm8az5b08vzkgx-glibc-2.35-163/lib/libpthread.so.0
7fbe69c5f000-7fbe69c60000 r-xp 00001000 00:17f3 4611686019027979942      /nix/store/4nlgxhb09sdr51nc9hdm8az5b08vzkgx-glibc-2.35-163/lib/libpthread.so.0
7fbe69c60000-7fbe69c61000 r--p 00002000 00:17f3 4611686019027979942      /nix/store/4nlgxhb09sdr51nc9hdm8az5b08vzkgx-glibc-2.35-163/lib/libpthread.so.0
7fbe69c61000-7fbe69c62000 r--p 00002000 00:17f3 4611686019027979942      /nix/store/4nlgxhb09sdr51nc9hdm8az5b08vzkgx-glibc-2.35-163/lib/libpthread.so.0
7fbe69c62000-7fbe69c63000 rw-p 00003000 00:17f3 4611686019027979942      /nix/store/4nlgxhb09sdr51nc9hdm8az5b08vzkgx-glibc-2.35-163/lib/libpthread.so.0
7fbe69c63000-7fbe69c71000 r-xp 00000000 00:17f3 4611686019135190033      /nix/store/gpxl5qgg8kicmcvivwmybwjlpf7wh20l-graalvm17-ce-22.3.0/lib/libjli.so
7fbe69c71000-7fbe69c72000 ---p 0000e000 00:17f3 4611686019135190033      /nix/store/gpxl5qgg8kicmcvivwmybwjlpf7wh20l-graalvm17-ce-22.3.0/lib/libjli.so
7fbe69c72000-7fbe69c73000 r--p 0000e000 00:17f3 4611686019135190033      /nix/store/gpxl5qgg8kicmcvivwmybwjlpf7wh20l-graalvm17-ce-22.3.0/lib/libjli.so
7fbe69c73000-7fbe69c74000 rw-p 0000f000 00:17f3 4611686019135190033      /nix/store/gpxl5qgg8kicmcvivwmybwjlpf7wh20l-graalvm17-ce-22.3.0/lib/libjli.so
7fbe69c74000-7fbe69c75000 rw-p 00012000 00:17f3 4611686019135190033      /nix/store/gpxl5qgg8kicmcvivwmybwjlpf7wh20l-graalvm17-ce-22.3.0/lib/libjli.so
7fbe69c75000-7fbe69c78000 r--p 00000000 00:17f3 4611686019106210071      /nix/store/026hln0aq1hyshaxsdvhg0kmcm6yf45r-zlib-1.2.13/lib/libz.so.1.2.13
7fbe69c78000-7fbe69c8a000 r-xp 00003000 00:17f3 4611686019106210071      /nix/store/026hln0aq1hyshaxsdvhg0kmcm6yf45r-zlib-1.2.13/lib/libz.so.1.2.13
7fbe69c8a000-7fbe69c91000 r--p 00015000 00:17f3 4611686019106210071      /nix/store/026hln0aq1hyshaxsdvhg0kmcm6yf45r-zlib-1.2.13/lib/libz.so.1.2.13
7fbe69c91000-7fbe69c92000 r--p 0001b000 00:17f3 4611686019106210071      /nix/store/026hln0aq1hyshaxsdvhg0kmcm6yf45r-zlib-1.2.13/lib/libz.so.1.2.13
7fbe69c92000-7fbe69c93000 rw-p 0001c000 00:17f3 4611686019106210071      /nix/store/026hln0aq1hyshaxsdvhg0kmcm6yf45r-zlib-1.2.13/lib/libz.so.1.2.13
7fbe69c93000-7fbe69c95000 rw-p 00000000 00:00 0 
7fbe69c95000-7fbe69c97000 r--p 00000000 00:17f3 4611686019027979912      /nix/store/4nlgxhb09sdr51nc9hdm8az5b08vzkgx-glibc-2.35-163/lib/ld-linux-x86-64.so.2
7fbe69c97000-7fbe69cbe000 r-xp 00002000 00:17f3 4611686019027979912      /nix/store/4nlgxhb09sdr51nc9hdm8az5b08vzkgx-glibc-2.35-163/lib/ld-linux-x86-64.so.2
7fbe69cbe000-7fbe69cca000 r--p 00029000 00:17f3 4611686019027979912      /nix/store/4nlgxhb09sdr51nc9hdm8az5b08vzkgx-glibc-2.35-163/lib/ld-linux-x86-64.so.2
7fbe69cca000-7fbe69ccc000 r--p 00034000 00:17f3 4611686019027979912      /nix/store/4nlgxhb09sdr51nc9hdm8az5b08vzkgx-glibc-2.35-163/lib/ld-linux-x86-64.so.2
7fbe69ccc000-7fbe69cce000 rw-p 00036000 00:17f3 4611686019027979912      /nix/store/4nlgxhb09sdr51nc9hdm8az5b08vzkgx-glibc-2.35-163/lib/ld-linux-x86-64.so.2
7ffc8d052000-7ffc8d076000 rw-p 00000000 00:00 0                          [stack]
7ffc8d0c0000-7ffc8d0c4000 r--p 00000000 00:00 0                          [vvar]
7ffc8d0c4000-7ffc8d0c6000 r-xp 00000000 00:00 0                          [vdso]
ffffffffff600000-ffffffffff601000 --xp 00000000 00:00 0                  [vsyscall]


VM Arguments:
jvm_args: -XX:ThreadPriorityPolicy=1 -XX:+UnlockExperimentalVMOptions -XX:+EnableJVMCIProduct -XX:JVMCIThreadsPerNativeLibraryRuntime=1 -XX:-UnlockExperimentalVMOptions -Declipse.application=org.eclipse.jdt.ls.core.id1 -Dosgi.bundles.defaultStartLevel=4 -Declipse.product=org.eclipse.jdt.ls.core.product -Dlog.level=ALL -Xverify:none -XX:+UseParallelGC -XX:GCTimeRatio=4 -XX:AdaptiveSizePolicyWeight=90 -Dsun.zip.disableMemoryMapping=true -Xmx512m -Xms100m 
java_command: /nix/store/m6gcpi1ii6rghy04cjwjddcavv7i90df-jdt-language-server-1.9.0/share/java/plugins/org.eclipse.equinox.launcher_1.6.400.v20210924-0641.jar --add-modules=ALL-SYSTEM --add-opens java.base/java.util=ALL-UNNAMED --add-opens java.base/java.lang=ALL-UNNAMED -configuration /home/runner/.cache/jdt-language-server/config -data /home/runner/.cache/jdt-language-server/data/home/runner/OrderBook
java_class_path (initial): /nix/store/m6gcpi1ii6rghy04cjwjddcavv7i90df-jdt-language-server-1.9.0/share/java/plugins/org.eclipse.equinox.launcher_1.6.400.v20210924-0641.jar
Launcher Type: SUN_STANDARD

[Global flags]
    uintx AdaptiveSizePolicyWeight                 = 90                                        {product} {command line}
     intx CICompilerCount                          = 2                                         {product} {ergonomic}
     bool EnableJVMCIProduct                       = true                                {JVMCI product} {jimage}
    uintx GCTimeRatio                              = 4                                         {product} {command line}
   size_t InitialHeapSize                          = 104857600                                 {product} {command line}
     uint JVMCIThreadsPerNativeLibraryRuntime      = 1                                   {JVMCI product} {jimage}
   size_t MaxHeapSize                              = 536870912                                 {product} {command line}
   size_t MaxNewSize                               = 178782208                                 {product} {ergonomic}
   size_t MinHeapDeltaBytes                        = 524288                                    {product} {ergonomic}
   size_t MinHeapSize                              = 104857600                                 {product} {command line}
   size_t NewSize                                  = 34603008                                  {product} {ergonomic}
    uintx NonNMethodCodeHeapSize                   = 5826188                                {pd product} {ergonomic}
    uintx NonProfiledCodeHeapSize                  = 122916026                              {pd product} {ergonomic}
   size_t OldSize                                  = 70254592                                  {product} {ergonomic}
    uintx ProfiledCodeHeapSize                     = 122916026                              {pd product} {ergonomic}
    uintx ReservedCodeCacheSize                    = 251658240                              {pd product} {ergonomic}
     bool SegmentedCodeCache                       = true                                      {product} {ergonomic}
   size_t SoftMaxHeapSize                          = 536870912                              {manageable} {ergonomic}
     intx ThreadPriorityPolicy                     = 1                                         {product} {jimage}
     bool UseCompressedClassPointers               = true                           {product lp64_product} {ergonomic}
     bool UseCompressedOops                        = true                           {product lp64_product} {ergonomic}
     bool UseParallelGC                            = true                                      {product} {command line}

Logging:
Log output configuration:
 #0: stdout all=warning uptime,level,tags
 #1: stderr all=off uptime,level,tags

Environment Variables:
JAVA_HOME=/nix/store/gpxl5qgg8kicmcvivwmybwjlpf7wh20l-graalvm17-ce-22.3.0
PATH=/nix/store/1d6ian3r8kdzspw8hacjhl3xkp40g1lj-binutils-wrapper-2.39/bin:/nix/store/dq0xwmsk1g0i2ayg6pb7y87na2knzylh-gcc-wrapper-11.3.0/bin:/nix/store/bap4d0lpcrhpwmpb8ayjcgkmvfj62lnq-bash-interactive-5.1-p16/bin:/nix/store/pr5n59mb4jzmfx6kanwxly0l07p861fg-patchelf-0.15.0/bin:/nix/store/1gf2flfqnpqbr1b4p4qz2f72y42bs56r-gcc-11.3.0/bin:/nix/store/57xv61c5zi8pphjbcwxxjlgc34p61ic9-glibc-2.35-163-bin/bin:/nix/store/a7gvj343m05j2s32xcnwr35v31ynlypr-coreutils-9.1/bin:/nix/store/039g378vc3pc3dvi9dzdlrd0i4q93qwf-binutils-2.39/bin:/nix/store/5wq7080jgnp0j8fc477ql3khl6hbibm2-imagemagick-6.9.12-26-dev/bin:/nix/store/63ncbq2mzg4cc1l6r81rzf1r4zgsdm0a-fftw-double-3.3.10-dev/bin:/nix/store/67n7ypjxgg0k63ysvgyhyfg7paa2hgsx-imagemagick-6.9.12-26/bin:/nix/store/gpxl5qgg8kicmcvivwmybwjlpf7wh20l-graalvm17-ce-22.3.0/bin:/nix/store/6z9ag3ihc8mq2hzsw48lhbznvzny65nz-apache-maven-3.8.6/bin:/nix/store/m6gcpi1ii6rghy04cjwjddcavv7i90df-jdt-language-server-1.9.0/bin:/nix/store/84xs5alhs01zrbr4ywm05kxbjbp5590l-java-debug/bin:/nix/store/mydc6f4k2z73xlcz7ilif3v2lcaiqvza-findutils-4.9.0/bin:/nix/store/j9p3g8472iijd50vhdprx0nmk2fqn5gv-diffutils-3.8/bin:/nix/store/89zs7rms6x00xfq4dq6m7mjnhkr8a6r4-gnused-4.8/bin:/nix/store/86bp03jkmsl6f92w0yzg4s59g5mhxwmy-gnugrep-3.7/bin:/nix/store/hwcdqw4jrjnd37wxqgsd47hd0j8bnj09-gawk-5.1.1/bin:/nix/store/cfbhw8r8ags41vwqaz47r583d0p4h4a1-gnutar-1.34/bin:/nix/store/p3m1ndl1lapwrlh698bnb5lvvxh67378-gzip-1.12/bin:/nix/store/a8mhcagrsly7c7mpjrpsnaahk4aax056-bzip2-1.0.8-bin/bin:/nix/store/mblgz65m3zv9x548a3d5m96fj2pbwr09-gnumake-4.3/bin:/nix/store/dsd5gz46hdbdk2rfdimqddhq6m8m8fqs-bash-5.1-p16/bin:/nix/store/v7ljksji50mg3w61dykaa3n3y79n6nil-patch-2.7.6/bin:/nix/store/zlcnmqq14jz5x9439jf937mvayyl63da-xz-5.2.7-bin/bin:/nix/store/y6aj732zm9m87c82fpvf103a1xb22blp-file-5.43/bin:/nix/store/sgqd0ajghcv2axfl1lad0b1alyavp0dc-prybar-elisp-0.0.0-67f7a00/bin:/nix/store/p3hsvljpgs68jqwar41lc0jqhjj734lf-prybar-lua-0.0.0-67f7a00/bin:/nix/store/qzxs2gybds3s9kb1vkaflpgm2nwr85fh-prybar-python
LD_LIBRARY_PATH=/nix/store/a4pff549sk2idnkpzk5nsfps3mdkdnvm-cups-2.4.2-lib/lib:/nix/store/72mqxxhh3cy5yifh92wh2yb8cl2hikyy-cairo-1.16.0/lib:/nix/store/2k366jrbsra97gjfxwvrhvixjfxdach5-glib-2.74.1/lib:/nix/store/2j2znigd8ak37rlwh9khz0ry3clqlw1l-gtk+3-3.24.34/lib:/nix/store/hisqvx32cd57apbpcsnkpx6k3549wql1-libglvnd-1.4.0/lib:/nix/store/p36pgcv991mq5srvg765b78yqpxvk3qs-mesa-21.3.3-drivers/lib:/nix/store/mav4251if1ahjq5vkpwycyyvnmy459c4-pulseaudio-14.2/lib
DISPLAY=:0
LANG=en_US.UTF-8

Signal Handlers:
   SIGSEGV: crash_handler in libjvm.so, mask=11100100010111111101111111111110, flags=SA_RESTART|SA_SIGINFO
    SIGBUS: crash_handler in libjvm.so, mask=11100100010111111101111111111110, flags=SA_RESTART|SA_SIGINFO
    SIGFPE: crash_handler in libjvm.so, mask=11100100010111111101111111111110, flags=SA_RESTART|SA_SIGINFO
   SIGPIPE: IsolateEnterStub_IgnoreSIGPIPEStartupHook_noopSignalHandler_8f19bff2f35b5f630d83b364d6b2339320d4ec70_216e8361c6bc87a8f89f58cc10d3b2fd4415bf87 in libjvmcicompiler.so, mask=00000000000000000000000000000000, flags=SA_RESTART
  *** Handler was modified!
  *** Expected: javaSignalHandler in libjvm.so, mask=11100100110111111111111111111110, flags=SA_RESTART|SA_SIGINFO
   SIGXFSZ: javaSignalHandler in libjvm.so, mask=11100100010111111101111111111110, flags=SA_RESTART|SA_SIGINFO
    SIGILL: crash_handler in libjvm.so, mask=11100100010111111101111111111110, flags=SA_RESTART|SA_SIGINFO
   SIGUSR2: SR_handler in libjvm.so, mask=00000000000000000000000000000000, flags=SA_RESTART|SA_SIGINFO
    SIGHUP: UserHandler in libjvm.so, mask=11100100010111111101111111111110, flags=SA_RESTART|SA_SIGINFO
    SIGINT: UserHandler in libjvm.so, mask=11100100010111111101111111111110, flags=SA_RESTART|SA_SIGINFO
   SIGTERM: UserHandler in libjvm.so, mask=11100100010111111101111111111110, flags=SA_RESTART|SA_SIGINFO
   SIGQUIT: UserHandler in libjvm.so, mask=11100100010111111101111111111110, flags=SA_RESTART|SA_SIGINFO
  *** Handler was modified!
  *** Expected: javaSignalHandler in libjvm.so, mask=11100100110111111111111111111110, flags=SA_RESTART|SA_SIGINFO
   SIGTRAP: crash_handler in libjvm.so, mask=11100100010111111101111111111110, flags=SA_RESTART|SA_SIGINFO


---------------  S Y S T E M  ---------------

OS:
DISTRIB_ID=Ubuntu
DISTRIB_RELEASE=20.04
DISTRIB_CODENAME=focal
DISTRIB_DESCRIPTION="Ubuntu 20.04.2 LTS"
uname: Linux 5.15.0-1030-gcp #37~20.04.1-Ubuntu SMP Mon Feb 20 04:30:57 UTC 2023 x86_64
OS uptime: 0 days 6:11 hours
libc: glibc 2.35 NPTL 2.35 
rlimit (soft/hard): STACK 8192k/infinity , CORE infinity/infinity , NPROC infinity/infinity , NOFILE 5242/5242 , AS infinity/infinity , CPU infinity/infinity , DATA infinity/infinity , FSIZE infinity/infinity , MEMLOCK 64k/64k
load average: 13.72 14.03 14.19

/proc/meminfo:
MemTotal:       65852728 kB
MemFree:        29081532 kB
MemAvailable:   47208268 kB
Buffers:         2277072 kB
Cached:         15026824 kB
SwapCached:            0 kB
Active:          8165820 kB
Inactive:       25131784 kB
Active(anon):      16064 kB
Inactive(anon): 15835652 kB
Active(file):    8149756 kB
Inactive(file):  9296132 kB
Unevictable:       43284 kB
Mlocked:           43284 kB
SwapTotal:             0 kB
SwapFree:              0 kB
Dirty:              5144 kB
Writeback:             0 kB
AnonPages:      15141420 kB
Mapped:          2010648 kB
Shmem:             86356 kB
KReclaimable:    1405180 kB
Slab:            2483680 kB
SReclaimable:    1405180 kB
SUnreclaim:      1078500 kB
KernelStack:      398672 kB
PageTables:       184928 kB
NFS_Unstable:          0 kB
Bounce:                0 kB
WritebackTmp:          0 kB
CommitLimit:    32926364 kB
Committed_AS:   58054964 kB
VmallocTotal:   34359738367 kB
VmallocUsed:      434452 kB
VmallocChunk:          0 kB
Percpu:            54656 kB
HardwareCorrupted:     0 kB
AnonHugePages:   1523712 kB
ShmemHugePages:        0 kB
ShmemPmdMapped:        0 kB
FileHugePages:         0 kB
FilePmdMapped:         0 kB
HugePages_Total:       0
HugePages_Free:        0
HugePages_Rsvd:        0
HugePages_Surp:        0
Hugepagesize:       2048 kB
Hugetlb:               0 kB
DirectMap4k:     4012864 kB
DirectMap2M:    37926912 kB
DirectMap1G:    27262976 kB

/sys/kernel/mm/transparent_hugepage/enabled: always [madvise] never
/sys/kernel/mm/transparent_hugepage/defrag (defrag/compaction efforts parameter): always defer defer+madvise [madvise] never

Process Memory:
Virtual Size: 4721492K (peak: 4807484K)
Resident Set Size: 735092K (peak: 769248K) (anon: 538916K, file: 196176K, shmem: 0K)
Swapped out: 0K
C-Heap outstanding allocations: 44259K, retained: 16180K
glibc malloc tunables: (default)

/proc/sys/kernel/threads-max (system-wide limit on the number of threads): 514406
/proc/sys/vm/max_map_count (maximum number of memory map areas a process may have): 65530
/proc/sys/kernel/pid_max (system-wide limit on number of process identifiers): 4194304

container (cgroup) information:
container_type: cgroupv1
cpu_cpuset_cpus: 2-7
cpu_memory_nodes: 0
active_processor_count: 1
cpu_quota: 50000
cpu_period: 100000
cpu_shares: 512
memory_limit_in_bytes: 1048576 k
memory_and_swap_limit_in_bytes: 1048576 k
memory_soft_limit_in_bytes: 524288 k
memory_usage_in_bytes: 584396 k
memory_max_usage_in_bytes: 607536 k
maximum number of tasks: 1000
current number of tasks: 46

KVM virtualization detected
Steal ticks since vm start: 0
Steal ticks percentage since vm start:  0.000

CPU: total 8 (initial active 1) (8 cores per cpu, 2 threads per core) family 23 model 49 stepping 0 microcode 0xffffffff, cx8, cmov, fxsr, ht, mmx, 3dnowpref, sse, sse2, sse3, ssse3, sse4a, sse4.1, sse4.2, popcnt, lzcnt, tsc, tscinvbit, avx, avx2, aes, clmul, bmi1, bmi2, adx, sha, fma, vzeroupper, clflush, clflushopt, hv
CPU Model and flags from /proc/cpuinfo:
model name	: AMD EPYC 7B12
flags		: fpu vme de pse tsc msr pae mce cx8 apic sep mtrr pge mca cmov pat pse36 clflush mmx fxsr sse sse2 ht syscall nx mmxext fxsr_opt pdpe1gb rdtscp lm constant_tsc rep_good nopl nonstop_tsc cpuid extd_apicid tsc_known_freq pni pclmulqdq ssse3 fma cx16 sse4_1 sse4_2 movbe popcnt aes xsave avx f16c rdrand hypervisor lahf_lm cmp_legacy cr8_legacy abm sse4a misalignsse 3dnowprefetch osvw topoext ssbd ibrs ibpb stibp vmmcall fsgsbase tsc_adjust bmi1 avx2 smep bmi2 rdseed adx smap clflushopt clwb sha_ni xsaveopt xsavec xgetbv1 clzero xsaveerptr arat npt nrip_save umip rdpid

Online cpus: 0-7
Offline cpus: 
BIOS frequency limitation: <Not Available>
Frequency switch latency (ns): <Not Available>
Available cpu frequencies: <Not Available>
Current governor: <Not Available>
Core performance/turbo boost: <Not Available>

Memory: 4k page, physical 1048576k(464276k free), swap 0k(0k free)
Page Sizes: 4k

vm_info: OpenJDK 64-Bit Server VM (17.0.5+8-jvmci-22.3-b08) for linux-amd64 JRE (17.0.5+8-jvmci-22.3-b08), built on Oct 19 2022 09:01:27 by "buildslave" with gcc 10.3.0

END.
